<?xml version="1.0" encoding="UTF-8"?>
<robot generator="Robot 7.1.1 (Python 3.10.12 on linux)" generated="2026-05-05T20:05:53.983976" rpa="false" schemaversion="5">
<suite id="s1" name="Qualidade-Software" source="/home/rfahham/projetos/qualidade-software">
<suite id="s1-s1" name="Docs" source="/home/rfahham/projetos/qualidade-software/docs">
<suite id="s1-s1-s1" name="Banco" source="/home/rfahham/projetos/qualidade-software/docs/banco">
<suite id="s1-s1-s1-s1" name="Pratica" source="/home/rfahham/projetos/qualidade-software/docs/banco/pratica">
<suite id="s1-s1-s1-s1-s1" name="Sql" source="/home/rfahham/projetos/qualidade-software/docs/banco/pratica/sql">
<suite id="s1-s1-s1-s1-s1-s1" name="Robot" source="/home/rfahham/projetos/qualidade-software/docs/banco/pratica/sql/robot">
<suite id="s1-s1-s1-s1-s1-s1-s1" name="Insert Pessoa" source="/home/rfahham/projetos/qualidade-software/docs/banco/pratica/sql/robot/insert_pessoa.robot">
<test id="s1-s1-s1-s1-s1-s1-s1-t1" name="Inserir Pessoas Do CSV No Banco" line="5">
<kw name="Criar Tabela Pessoa" owner="keywords">
<kw name="Connect To Database" owner="DatabaseLibrary">
<msg time="2026-05-05T20:05:55.653753" level="INFO">Looking for configuration file: 'resources/db.cfg'</msg>
<msg time="2026-05-05T20:05:55.654078" level="INFO">Configuration file doesn't exist</msg>
<msg time="2026-05-05T20:05:55.680508" level="INFO">Connect to DB using : psycopg2.connect(database='horadoqa-postgresql', user='horadoqa', password=***, host='host.docker.internal', port=5432)</msg>
<arg>psycopg2</arg>
<arg>${DB_NAME}</arg>
<arg>${DB_USER}</arg>
<arg>${DB_PASSWORD}</arg>
<arg>${DB_HOST}</arg>
<arg>${DB_PORT}</arg>
<doc>Creates a database connection using the DB API 2.0 ``db_module`` and the parameters provided.
Along with listed commonly used arguments (`db_name`, `db_host` etc.)
you can set any other DB module specific parameters as key/value pairs.</doc>
<status status="PASS" start="2026-05-05T20:05:55.651109" elapsed="0.067674"/>
</kw>
<kw name="Set Variable" owner="BuiltIn">
<msg time="2026-05-05T20:05:55.721111" level="INFO">${sql} = CREATE TABLE IF NOT EXISTS pessoa7 (id SERIAL PRIMARY KEY, nome VARCHAR(255), data_nascimento DATE, sexo VARCHAR(10), estado_civil VARCHAR(20), naturalidade VARCHAR(100), nacionalidade VARCHAR(100))</msg>
<var>${sql}</var>
<arg>CREATE TABLE IF NOT EXISTS ${TABLE_NAME} (id SERIAL PRIMARY KEY, nome VARCHAR(255), data_nascimento DATE, sexo VARCHAR(10), estado_civil VARCHAR(20), naturalidade VARCHAR(100), nacionalidade VARCHAR(100))</arg>
<doc>Returns the given values which can then be assigned to a variables.</doc>
<status status="PASS" start="2026-05-05T20:05:55.719924" elapsed="0.001873"/>
</kw>
<kw name="Execute Sql String" owner="DatabaseLibrary">
<msg time="2026-05-05T20:05:55.725355" level="INFO" html="true">Executing sql:&lt;br&gt;&lt;code style="font-weight: bold;"&gt;CREATE TABLE IF NOT EXISTS pessoa7 (id SERIAL PRIMARY KEY, nome VARCHAR(255), data_nascimento DATE, sexo VARCHAR(10), estado_civil VARCHAR(20), naturalidade VARCHAR(100), nacionalidade VARCHAR(100))&lt;/code&gt;</msg>
<msg time="2026-05-05T20:05:55.734777" level="INFO">Commit the transaction</msg>
<arg>${sql}</arg>
<doc>Executes the ``sql_string`` - as a single SQL command (default) or as separate statements.</doc>
<status status="PASS" start="2026-05-05T20:05:55.722765" elapsed="0.015977"/>
</kw>
<kw name="Disconnect From Database" owner="DatabaseLibrary">
<doc>Disconnects from the database.</doc>
<status status="PASS" start="2026-05-05T20:05:55.739807" elapsed="0.001153"/>
</kw>
<status status="PASS" start="2026-05-05T20:05:55.647491" elapsed="0.094397"/>
</kw>
<kw name="Inserir Dados Do CSV No Banco" owner="keywords">
<kw name="Connect To Database" owner="DatabaseLibrary">
<msg time="2026-05-05T20:05:55.746781" level="INFO">Looking for configuration file: 'resources/db.cfg'</msg>
<msg time="2026-05-05T20:05:55.749197" level="INFO">Configuration file doesn't exist</msg>
<msg time="2026-05-05T20:05:55.754670" level="INFO">Connect to DB using : psycopg2.connect(database='horadoqa-postgresql', user='horadoqa', password=***, host='host.docker.internal', port=5432)</msg>
<arg>psycopg2</arg>
<arg>${DB_NAME}</arg>
<arg>${DB_USER}</arg>
<arg>${DB_PASSWORD}</arg>
<arg>${DB_HOST}</arg>
<arg>${DB_PORT}</arg>
<doc>Creates a database connection using the DB API 2.0 ``db_module`` and the parameters provided.
Along with listed commonly used arguments (`db_name`, `db_host` etc.)
you can set any other DB module specific parameters as key/value pairs.</doc>
<status status="PASS" start="2026-05-05T20:05:55.745192" elapsed="0.045916"/>
</kw>
<kw name="Get File" owner="OperatingSystem">
<msg time="2026-05-05T20:05:55.792619" level="INFO" html="true">Getting file '&lt;a href="file:///home/rfahham/projetos/qualidade-software/docs/banco/pratica/sql/robot/pessoas.csv"&gt;/home/rfahham/projetos/qualidade-software/docs/banco/pratica/sql/robot/pessoas.csv&lt;/a&gt;'.</msg>
<msg time="2026-05-05T20:05:55.793950" level="INFO">${content} = nome,data_nascimento,sexo,estado_civil,naturalidade,nacionalidade
João Silva,1971-02-02,Masculino,Solteiro,Rio de Janeiro,Brasileira
Maria Souza,1972-03-03,Feminino,Casado,São Paulo,Brasileira
Ana Oli...</msg>
<var>${content}</var>
<arg>${CSV_FILE}</arg>
<doc>Returns the contents of a specified file.</doc>
<status status="PASS" start="2026-05-05T20:05:55.791710" elapsed="0.002695"/>
</kw>
<kw name="Split To Lines" owner="String">
<msg time="2026-05-05T20:05:55.796461" level="INFO">81 lines returned</msg>
<msg time="2026-05-05T20:05:55.797269" level="INFO">${lines} = ['nome,data_nascimento,sexo,estado_civil,naturalidade,nacionalidade', 'João Silva,1971-02-02,Masculino,Solteiro,Rio de Janeiro,Brasileira', 'Maria Souza,1972-03-03,Feminino,Casado,São Paulo,Brasileira...</msg>
<var>${lines}</var>
<arg>${content}</arg>
<doc>Splits the given string to lines.</doc>
<status status="PASS" start="2026-05-05T20:05:55.795333" elapsed="0.002484"/>
</kw>
<kw name="Get Slice From List" owner="Collections">
<msg time="2026-05-05T20:05:55.807093" level="INFO">${data_lines} = ['João Silva,1971-02-02,Masculino,Solteiro,Rio de Janeiro,Brasileira', 'Maria Souza,1972-03-03,Feminino,Casado,São Paulo,Brasileira', 'Ana Oliveira,1973-04-04,Feminino,Divorciado,Curitiba,Brasileira',...</msg>
<var>${data_lines}</var>
<arg>${lines}</arg>
<arg>1</arg>
<doc>Returns a slice of the given list between ``start`` and ``end`` indexes.</doc>
<status status="PASS" start="2026-05-05T20:05:55.805838" elapsed="0.001905"/>
</kw>
<for flavor="IN">
<iter>
<kw name="Split String" owner="String">
<msg time="2026-05-05T20:05:55.814024" level="INFO">${data} = ['João Silva', '1971-02-02', 'Masculino', 'Solteiro', 'Rio de Janeiro', 'Brasileira']</msg>
<var>${data}</var>
<arg>${line}</arg>
<arg>,</arg>
<doc>Splits the ``string`` using ``separator`` as a delimiter string.</doc>
<status status="PASS" start="2026-05-05T20:05:55.812660" elapsed="0.001851"/>
</kw>
<kw name="Set Variable" owner="BuiltIn">
<msg time="2026-05-05T20:05:55.817262" level="INFO">${nome} = João Silva</msg>
<var>${nome}</var>
<arg>${data}[0]</arg>
<doc>Returns the given values which can then be assigned to a variables.</doc>
<status status="PASS" start="2026-05-05T20:05:55.815262" elapsed="0.002794"/>
</kw>
<kw name="Set Variable" owner="BuiltIn">
<msg time="2026-05-05T20:05:55.821109" level="INFO">${data_nascimento} = 1971-02-02</msg>
<var>${data_nascimento}</var>
<arg>${data}[1]</arg>
<doc>Returns the given values which can then be assigned to a variables.</doc>
<status status="PASS" start="2026-05-05T20:05:55.819005" elapsed="0.002939"/>
</kw>
<kw name="Set Variable" owner="BuiltIn">
<msg time="2026-05-05T20:05:55.825118" level="INFO">${sexo} = Masculino</msg>
<var>${sexo}</var>
<arg>${data}[2]</arg>
<doc>Returns the given values which can then be assigned to a variables.</doc>
<status status="PASS" start="2026-05-05T20:05:55.822853" elapsed="0.002906"/>
</kw>
<kw name="Set Variable" owner="BuiltIn">
<msg time="2026-05-05T20:05:55.827575" level="INFO">${estado_civil} = Solteiro</msg>
<var>${estado_civil}</var>
<arg>${data}[3]</arg>
<doc>Returns the given values which can then be assigned to a variables.</doc>
<status status="PASS" start="2026-05-05T20:05:55.826458" elapsed="0.001501"/>
</kw>
<kw name="Set Variable" owner="BuiltIn">
<msg time="2026-05-05T20:05:55.836497" level="INFO">${naturalidade} = Rio de Janeiro</msg>
<var>${naturalidade}</var>
<arg>${data}[4]</arg>
<doc>Returns the given values which can then be assigned to a variables.</doc>
<status status="PASS" start="2026-05-05T20:05:55.831521" elapsed="0.005944"/>
</kw>
<kw name="Set Variable" owner="BuiltIn">
<msg time="2026-05-05T20:05:55.839507" level="INFO">${nacionalidade} = Brasileira</msg>
<var>${nacionalidade}</var>
<arg>${data}[5]</arg>
<doc>Returns the given values which can then be assigned to a variables.</doc>
<status status="PASS" start="2026-05-05T20:05:55.838170" elapsed="0.002001"/>
</kw>
<kw name="Set Variable" owner="BuiltIn">
<msg time="2026-05-05T20:05:55.843388" level="INFO">${sql} = INSERT INTO pessoa7(nome, data_nascimento, sexo, estado_civil, naturalidade, nacionalidade) VALUES ('João Silva', '1971-02-02', 'Masculino', 'Solteiro', 'Rio de Janeiro', 'Brasileira')</msg>
<var>${sql}</var>
<arg>INSERT INTO ${TABLE_NAME}(nome, data_nascimento, sexo, estado_civil, naturalidade, nacionalidade) VALUES ('${nome}', '${data_nascimento}', '${sexo}', '${estado_civil}', '${naturalidade}', '${nacionalidade}')</arg>
<doc>Returns the given values which can then be assigned to a variables.</doc>
<status status="PASS" start="2026-05-05T20:05:55.840988" elapsed="0.002996"/>
</kw>
<kw name="Execute Sql String" owner="DatabaseLibrary">
<msg time="2026-05-05T20:05:55.847964" level="INFO" html="true">Executing sql:&lt;br&gt;&lt;code style="font-weight: bold;"&gt;INSERT INTO pessoa7(nome, data_nascimento, sexo, estado_civil, naturalidade, nacionalidade) VALUES ('João Silva', '1971-02-02', 'Masculino', 'Solteiro', 'Rio de Janeiro', 'Brasileira')&lt;/code&gt;</msg>
<msg time="2026-05-05T20:05:55.855568" level="INFO">Commit the transaction</msg>
<arg>${sql}</arg>
<doc>Executes the ``sql_string`` - as a single SQL command (default) or as separate statements.</doc>
<status status="PASS" start="2026-05-05T20:05:55.844928" elapsed="0.016186"/>
</kw>
<var name="${line}">João Silva,1971-02-02,Masculino,Solteiro,Rio de Janeiro,Brasileira</var>
<status status="PASS" start="2026-05-05T20:05:55.811745" elapsed="0.049868"/>
</iter>
<iter>
<kw name="Split String" owner="String">
<msg time="2026-05-05T20:05:55.864234" level="INFO">${data} = ['Maria Souza', '1972-03-03', 'Feminino', 'Casado', 'São Paulo', 'Brasileira']</msg>
<var>${data}</var>
<arg>${line}</arg>
<arg>,</arg>
<doc>Splits the ``string`` using ``separator`` as a delimiter string.</doc>
<status status="PASS" start="2026-05-05T20:05:55.863031" elapsed="0.001625"/>
</kw>
<kw name="Set Variable" owner="BuiltIn">
<msg time="2026-05-05T20:05:55.867645" level="INFO">${nome} = Maria Souza</msg>
<var>${nome}</var>
<arg>${data}[0]</arg>
<doc>Returns the given values which can then be assigned to a variables.</doc>
<status status="PASS" start="2026-05-05T20:05:55.865556" elapsed="0.002480"/>
</kw>
<kw name="Set Variable" owner="BuiltIn">
<msg time="2026-05-05T20:05:55.870419" level="INFO">${data_nascimento} = 1972-03-03</msg>
<var>${data_nascimento}</var>
<arg>${data}[1]</arg>
<doc>Returns the given values which can then be assigned to a variables.</doc>
<status status="PASS" start="2026-05-05T20:05:55.868748" elapsed="0.002626"/>
</kw>
<kw name="Set Variable" owner="BuiltIn">
<msg time="2026-05-05T20:05:55.872888" level="INFO">${sexo} = Feminino</msg>
<var>${sexo}</var>
<arg>${data}[2]</arg>
<doc>Returns the given values which can then be assigned to a variables.</doc>
<status status="PASS" start="2026-05-05T20:05:55.872026" elapsed="0.001506"/>
</kw>
<kw name="Set Variable" owner="BuiltIn">
<msg time="2026-05-05T20:05:55.875301" level="INFO">${estado_civil} = Casado</msg>
<var>${estado_civil}</var>
<arg>${data}[3]</arg>
<doc>Returns the given values which can then be assigned to a variables.</doc>
<status status="PASS" start="2026-05-05T20:05:55.874258" elapsed="0.002510"/>
</kw>
<kw name="Set Variable" owner="BuiltIn">
<msg time="2026-05-05T20:05:55.878865" level="INFO">${naturalidade} = São Paulo</msg>
<var>${naturalidade}</var>
<arg>${data}[4]</arg>
<doc>Returns the given values which can then be assigned to a variables.</doc>
<status status="PASS" start="2026-05-05T20:05:55.877563" elapsed="0.001700"/>
</kw>
<kw name="Set Variable" owner="BuiltIn">
<msg time="2026-05-05T20:05:55.882057" level="INFO">${nacionalidade} = Brasileira</msg>
<var>${nacionalidade}</var>
<arg>${data}[5]</arg>
<doc>Returns the given values which can then be assigned to a variables.</doc>
<status status="PASS" start="2026-05-05T20:05:55.880177" elapsed="0.002196"/>
</kw>
<kw name="Set Variable" owner="BuiltIn">
<msg time="2026-05-05T20:05:55.884544" level="INFO">${sql} = INSERT INTO pessoa7(nome, data_nascimento, sexo, estado_civil, naturalidade, nacionalidade) VALUES ('Maria Souza', '1972-03-03', 'Feminino', 'Casado', 'São Paulo', 'Brasileira')</msg>
<var>${sql}</var>
<arg>INSERT INTO ${TABLE_NAME}(nome, data_nascimento, sexo, estado_civil, naturalidade, nacionalidade) VALUES ('${nome}', '${data_nascimento}', '${sexo}', '${estado_civil}', '${naturalidade}', '${nacionalidade}')</arg>
<doc>Returns the given values which can then be assigned to a variables.</doc>
<status status="PASS" start="2026-05-05T20:05:55.882956" elapsed="0.002010"/>
</kw>
<kw name="Execute Sql String" owner="DatabaseLibrary">
<msg time="2026-05-05T20:05:55.886711" level="INFO" html="true">Executing sql:&lt;br&gt;&lt;code style="font-weight: bold;"&gt;INSERT INTO pessoa7(nome, data_nascimento, sexo, estado_civil, naturalidade, nacionalidade) VALUES ('Maria Souza', '1972-03-03', 'Feminino', 'Casado', 'São Paulo', 'Brasileira')&lt;/code&gt;</msg>
<msg time="2026-05-05T20:05:55.893561" level="INFO">Commit the transaction</msg>
<arg>${sql}</arg>
<doc>Executes the ``sql_string`` - as a single SQL command (default) or as separate statements.</doc>
<status status="PASS" start="2026-05-05T20:05:55.885668" elapsed="0.014421"/>
</kw>
<var name="${line}">Maria Souza,1972-03-03,Feminino,Casado,São Paulo,Brasileira</var>
<status status="PASS" start="2026-05-05T20:05:55.862153" elapsed="0.038442"/>
</iter>
<iter>
<kw name="Split String" owner="String">
<msg time="2026-05-05T20:05:55.905628" level="INFO">${data} = ['Ana Oliveira', '1973-04-04', 'Feminino', 'Divorciado', 'Curitiba', 'Brasileira']</msg>
<var>${data}</var>
<arg>${line}</arg>
<arg>,</arg>
<doc>Splits the ``string`` using ``separator`` as a delimiter string.</doc>
<status status="PASS" start="2026-05-05T20:05:55.903461" elapsed="0.002590"/>
</kw>
<kw name="Set Variable" owner="BuiltIn">
<msg time="2026-05-05T20:05:55.909379" level="INFO">${nome} = Ana Oliveira</msg>
<var>${nome}</var>
<arg>${data}[0]</arg>
<doc>Returns the given values which can then be assigned to a variables.</doc>
<status status="PASS" start="2026-05-05T20:05:55.907809" elapsed="0.002163"/>
</kw>
<kw name="Set Variable" owner="BuiltIn">
<msg time="2026-05-05T20:05:55.913547" level="INFO">${data_nascimento} = 1973-04-04</msg>
<var>${data_nascimento}</var>
<arg>${data}[1]</arg>
<doc>Returns the given values which can then be assigned to a variables.</doc>
<status status="PASS" start="2026-05-05T20:05:55.911514" elapsed="0.002725"/>
</kw>
<kw name="Set Variable" owner="BuiltIn">
<msg time="2026-05-05T20:05:55.915836" level="INFO">${sexo} = Feminino</msg>
<var>${sexo}</var>
<arg>${data}[2]</arg>
<doc>Returns the given values which can then be assigned to a variables.</doc>
<status status="PASS" start="2026-05-05T20:05:55.914907" elapsed="0.001573"/>
</kw>
<kw name="Set Variable" owner="BuiltIn">
<msg time="2026-05-05T20:05:55.918764" level="INFO">${estado_civil} = Divorciado</msg>
<var>${estado_civil}</var>
<arg>${data}[3]</arg>
<doc>Returns the given values which can then be assigned to a variables.</doc>
<status status="PASS" start="2026-05-05T20:05:55.917383" elapsed="0.002028"/>
</kw>
<kw name="Set Variable" owner="BuiltIn">
<msg time="2026-05-05T20:05:55.922897" level="INFO">${naturalidade} = Curitiba</msg>
<var>${naturalidade}</var>
<arg>${data}[4]</arg>
<doc>Returns the given values which can then be assigned to a variables.</doc>
<status status="PASS" start="2026-05-05T20:05:55.920919" elapsed="0.002966"/>
</kw>
<kw name="Set Variable" owner="BuiltIn">
<msg time="2026-05-05T20:05:55.926952" level="INFO">${nacionalidade} = Brasileira</msg>
<var>${nacionalidade}</var>
<arg>${data}[5]</arg>
<doc>Returns the given values which can then be assigned to a variables.</doc>
<status status="PASS" start="2026-05-05T20:05:55.925370" elapsed="0.001988"/>
</kw>
<kw name="Set Variable" owner="BuiltIn">
<msg time="2026-05-05T20:05:55.929638" level="INFO">${sql} = INSERT INTO pessoa7(nome, data_nascimento, sexo, estado_civil, naturalidade, nacionalidade) VALUES ('Ana Oliveira', '1973-04-04', 'Feminino', 'Divorciado', 'Curitiba', 'Brasileira')</msg>
<var>${sql}</var>
<arg>INSERT INTO ${TABLE_NAME}(nome, data_nascimento, sexo, estado_civil, naturalidade, nacionalidade) VALUES ('${nome}', '${data_nascimento}', '${sexo}', '${estado_civil}', '${naturalidade}', '${nacionalidade}')</arg>
<doc>Returns the given values which can then be assigned to a variables.</doc>
<status status="PASS" start="2026-05-05T20:05:55.928017" elapsed="0.001963"/>
</kw>
<kw name="Execute Sql String" owner="DatabaseLibrary">
<msg time="2026-05-05T20:05:55.931462" level="INFO" html="true">Executing sql:&lt;br&gt;&lt;code style="font-weight: bold;"&gt;INSERT INTO pessoa7(nome, data_nascimento, sexo, estado_civil, naturalidade, nacionalidade) VALUES ('Ana Oliveira', '1973-04-04', 'Feminino', 'Divorciado', 'Curitiba', 'Brasileira')&lt;/code&gt;</msg>
<msg time="2026-05-05T20:05:55.936224" level="INFO">Commit the transaction</msg>
<arg>${sql}</arg>
<doc>Executes the ``sql_string`` - as a single SQL command (default) or as separate statements.</doc>
<status status="PASS" start="2026-05-05T20:05:55.930461" elapsed="0.014387"/>
</kw>
<var name="${line}">Ana Oliveira,1973-04-04,Feminino,Divorciado,Curitiba,Brasileira</var>
<status status="PASS" start="2026-05-05T20:05:55.902545" elapsed="0.042761"/>
</iter>
<iter>
<kw name="Split String" owner="String">
<msg time="2026-05-05T20:05:55.948038" level="INFO">${data} = ['Carlos Santos', '1974-05-05', 'Masculino', 'Viúvo', 'Salvador', 'Brasileira']</msg>
<var>${data}</var>
<arg>${line}</arg>
<arg>,</arg>
<doc>Splits the ``string`` using ``separator`` as a delimiter string.</doc>
<status status="PASS" start="2026-05-05T20:05:55.946968" elapsed="0.001457"/>
</kw>
<kw name="Set Variable" owner="BuiltIn">
<msg time="2026-05-05T20:05:55.950596" level="INFO">${nome} = Carlos Santos</msg>
<var>${nome}</var>
<arg>${data}[0]</arg>
<doc>Returns the given values which can then be assigned to a variables.</doc>
<status status="PASS" start="2026-05-05T20:05:55.949087" elapsed="0.002018"/>
</kw>
<kw name="Set Variable" owner="BuiltIn">
<msg time="2026-05-05T20:05:55.955891" level="INFO">${data_nascimento} = 1974-05-05</msg>
<var>${data_nascimento}</var>
<arg>${data}[1]</arg>
<doc>Returns the given values which can then be assigned to a variables.</doc>
<status status="PASS" start="2026-05-05T20:05:55.952294" elapsed="0.004754"/>
</kw>
<kw name="Set Variable" owner="BuiltIn">
<msg time="2026-05-05T20:05:55.959546" level="INFO">${sexo} = Masculino</msg>
<var>${sexo}</var>
<arg>${data}[2]</arg>
<doc>Returns the given values which can then be assigned to a variables.</doc>
<status status="PASS" start="2026-05-05T20:05:55.958013" elapsed="0.002122"/>
</kw>
<kw name="Set Variable" owner="BuiltIn">
<msg time="2026-05-05T20:05:55.962659" level="INFO">${estado_civil} = Viúvo</msg>
<var>${estado_civil}</var>
<arg>${data}[3]</arg>
<doc>Returns the given values which can then be assigned to a variables.</doc>
<status status="PASS" start="2026-05-05T20:05:55.960934" elapsed="0.002063"/>
</kw>
<kw name="Set Variable" owner="BuiltIn">
<msg time="2026-05-05T20:05:55.964587" level="INFO">${naturalidade} = Salvador</msg>
<var>${naturalidade}</var>
<arg>${data}[4]</arg>
<doc>Returns the given values which can then be assigned to a variables.</doc>
<status status="PASS" start="2026-05-05T20:05:55.963600" elapsed="0.001331"/>
</kw>
<kw name="Set Variable" owner="BuiltIn">
<msg time="2026-05-05T20:05:55.967067" level="INFO">${nacionalidade} = Brasileira</msg>
<var>${nacionalidade}</var>
<arg>${data}[5]</arg>
<doc>Returns the given values which can then be assigned to a variables.</doc>
<status status="PASS" start="2026-05-05T20:05:55.965733" elapsed="0.002529"/>
</kw>
<kw name="Set Variable" owner="BuiltIn">
<msg time="2026-05-05T20:05:55.970847" level="INFO">${sql} = INSERT INTO pessoa7(nome, data_nascimento, sexo, estado_civil, naturalidade, nacionalidade) VALUES ('Carlos Santos', '1974-05-05', 'Masculino', 'Viúvo', 'Salvador', 'Brasileira')</msg>
<var>${sql}</var>
<arg>INSERT INTO ${TABLE_NAME}(nome, data_nascimento, sexo, estado_civil, naturalidade, nacionalidade) VALUES ('${nome}', '${data_nascimento}', '${sexo}', '${estado_civil}', '${naturalidade}', '${nacionalidade}')</arg>
<doc>Returns the given values which can then be assigned to a variables.</doc>
<status status="PASS" start="2026-05-05T20:05:55.968977" elapsed="0.002445"/>
</kw>
<kw name="Execute Sql String" owner="DatabaseLibrary">
<msg time="2026-05-05T20:05:55.973871" level="INFO" html="true">Executing sql:&lt;br&gt;&lt;code style="font-weight: bold;"&gt;INSERT INTO pessoa7(nome, data_nascimento, sexo, estado_civil, naturalidade, nacionalidade) VALUES ('Carlos Santos', '1974-05-05', 'Masculino', 'Viúvo', 'Salvador', 'Brasileira')&lt;/code&gt;</msg>
<msg time="2026-05-05T20:05:55.980842" level="INFO">Commit the transaction</msg>
<arg>${sql}</arg>
<doc>Executes the ``sql_string`` - as a single SQL command (default) or as separate statements.</doc>
<status status="PASS" start="2026-05-05T20:05:55.972482" elapsed="0.014382"/>
</kw>
<var name="${line}">Carlos Santos,1974-05-05,Masculino,Viúvo,Salvador,Brasileira</var>
<status status="PASS" start="2026-05-05T20:05:55.945871" elapsed="0.041410"/>
</iter>
<iter>
<kw name="Split String" owner="String">
<msg time="2026-05-05T20:05:55.989109" level="INFO">${data} = ['Pedro Lima', '1975-06-06', 'Masculino', 'Solteiro', 'Belo Horizonte', 'Brasileira']</msg>
<var>${data}</var>
<arg>${line}</arg>
<arg>,</arg>
<doc>Splits the ``string`` using ``separator`` as a delimiter string.</doc>
<status status="PASS" start="2026-05-05T20:05:55.988223" elapsed="0.001145"/>
</kw>
<kw name="Set Variable" owner="BuiltIn">
<msg time="2026-05-05T20:05:55.990585" level="INFO">${nome} = Pedro Lima</msg>
<var>${nome}</var>
<arg>${data}[0]</arg>
<doc>Returns the given values which can then be assigned to a variables.</doc>
<status status="PASS" start="2026-05-05T20:05:55.989847" elapsed="0.000996"/>
</kw>
<kw name="Set Variable" owner="BuiltIn">
<msg time="2026-05-05T20:05:55.992218" level="INFO">${data_nascimento} = 1975-06-06</msg>
<var>${data_nascimento}</var>
<arg>${data}[1]</arg>
<doc>Returns the given values which can then be assigned to a variables.</doc>
<status status="PASS" start="2026-05-05T20:05:55.991263" elapsed="0.001248"/>
</kw>
<kw name="Set Variable" owner="BuiltIn">
<msg time="2026-05-05T20:05:55.994272" level="INFO">${sexo} = Masculino</msg>
<var>${sexo}</var>
<arg>${data}[2]</arg>
<doc>Returns the given values which can then be assigned to a variables.</doc>
<status status="PASS" start="2026-05-05T20:05:55.993088" elapsed="0.001555"/>
</kw>
<kw name="Set Variable" owner="BuiltIn">
<msg time="2026-05-05T20:05:55.996282" level="INFO">${estado_civil} = Solteiro</msg>
<var>${estado_civil}</var>
<arg>${data}[3]</arg>
<doc>Returns the given values which can then be assigned to a variables.</doc>
<status status="PASS" start="2026-05-05T20:05:55.995267" elapsed="0.001403"/>
</kw>
<kw name="Set Variable" owner="BuiltIn">
<msg time="2026-05-05T20:05:55.998173" level="INFO">${naturalidade} = Belo Horizonte</msg>
<var>${naturalidade}</var>
<arg>${data}[4]</arg>
<doc>Returns the given values which can then be assigned to a variables.</doc>
<status status="PASS" start="2026-05-05T20:05:55.997240" elapsed="0.001304"/>
</kw>
<kw name="Set Variable" owner="BuiltIn">
<msg time="2026-05-05T20:05:56.000339" level="INFO">${nacionalidade} = Brasileira</msg>
<var>${nacionalidade}</var>
<arg>${data}[5]</arg>
<doc>Returns the given values which can then be assigned to a variables.</doc>
<status status="PASS" start="2026-05-05T20:05:55.999195" elapsed="0.001358"/>
</kw>
<kw name="Set Variable" owner="BuiltIn">
<msg time="2026-05-05T20:05:56.001559" level="INFO">${sql} = INSERT INTO pessoa7(nome, data_nascimento, sexo, estado_civil, naturalidade, nacionalidade) VALUES ('Pedro Lima', '1975-06-06', 'Masculino', 'Solteiro', 'Belo Horizonte', 'Brasileira')</msg>
<var>${sql}</var>
<arg>INSERT INTO ${TABLE_NAME}(nome, data_nascimento, sexo, estado_civil, naturalidade, nacionalidade) VALUES ('${nome}', '${data_nascimento}', '${sexo}', '${estado_civil}', '${naturalidade}', '${nacionalidade}')</arg>
<doc>Returns the given values which can then be assigned to a variables.</doc>
<status status="PASS" start="2026-05-05T20:05:56.000916" elapsed="0.000829"/>
</kw>
<kw name="Execute Sql String" owner="DatabaseLibrary">
<msg time="2026-05-05T20:05:56.003020" level="INFO" html="true">Executing sql:&lt;br&gt;&lt;code style="font-weight: bold;"&gt;INSERT INTO pessoa7(nome, data_nascimento, sexo, estado_civil, naturalidade, nacionalidade) VALUES ('Pedro Lima', '1975-06-06', 'Masculino', 'Solteiro', 'Belo Horizonte', 'Brasileira')&lt;/code&gt;</msg>
<msg time="2026-05-05T20:05:56.010656" level="INFO">Commit the transaction</msg>
<arg>${sql}</arg>
<doc>Executes the ``sql_string`` - as a single SQL command (default) or as separate statements.</doc>
<status status="PASS" start="2026-05-05T20:05:56.002183" elapsed="0.012603"/>
</kw>
<var name="${line}">Pedro Lima,1975-06-06,Masculino,Solteiro,Belo Horizonte,Brasileira</var>
<status status="PASS" start="2026-05-05T20:05:55.987706" elapsed="0.027466"/>
</iter>
<iter>
<kw name="Split String" owner="String">
<msg time="2026-05-05T20:05:56.016972" level="INFO">${data} = ['Lucas Pereira', '1976-07-07', 'Masculino', 'Casado', 'Recife', 'Brasileira']</msg>
<var>${data}</var>
<arg>${line}</arg>
<arg>,</arg>
<doc>Splits the ``string`` using ``separator`` as a delimiter string.</doc>
<status status="PASS" start="2026-05-05T20:05:56.015930" elapsed="0.001500"/>
</kw>
<kw name="Set Variable" owner="BuiltIn">
<msg time="2026-05-05T20:05:56.019237" level="INFO">${nome} = Lucas Pereira</msg>
<var>${nome}</var>
<arg>${data}[0]</arg>
<doc>Returns the given values which can then be assigned to a variables.</doc>
<status status="PASS" start="2026-05-05T20:05:56.018026" elapsed="0.001621"/>
</kw>
<kw name="Set Variable" owner="BuiltIn">
<msg time="2026-05-05T20:05:56.021681" level="INFO">${data_nascimento} = 1976-07-07</msg>
<var>${data_nascimento}</var>
<arg>${data}[1]</arg>
<doc>Returns the given values which can then be assigned to a variables.</doc>
<status status="PASS" start="2026-05-05T20:05:56.020226" elapsed="0.002386"/>
</kw>
<kw name="Set Variable" owner="BuiltIn">
<msg time="2026-05-05T20:05:56.024205" level="INFO">${sexo} = Masculino</msg>
<var>${sexo}</var>
<arg>${data}[2]</arg>
<doc>Returns the given values which can then be assigned to a variables.</doc>
<status status="PASS" start="2026-05-05T20:05:56.023242" elapsed="0.001312"/>
</kw>
<kw name="Set Variable" owner="BuiltIn">
<msg time="2026-05-05T20:05:56.027030" level="INFO">${estado_civil} = Casado</msg>
<var>${estado_civil}</var>
<arg>${data}[3]</arg>
<doc>Returns the given values which can then be assigned to a variables.</doc>
<status status="PASS" start="2026-05-05T20:05:56.025206" elapsed="0.002110"/>
</kw>
<kw name="Set Variable" owner="BuiltIn">
<msg time="2026-05-05T20:05:56.028343" level="INFO">${naturalidade} = Recife</msg>
<var>${naturalidade}</var>
<arg>${data}[4]</arg>
<doc>Returns the given values which can then be assigned to a variables.</doc>
<status status="PASS" start="2026-05-05T20:05:56.027698" elapsed="0.001138"/>
</kw>
<kw name="Set Variable" owner="BuiltIn">
<msg time="2026-05-05T20:05:56.031429" level="INFO">${nacionalidade} = Brasileira</msg>
<var>${nacionalidade}</var>
<arg>${data}[5]</arg>
<doc>Returns the given values which can then be assigned to a variables.</doc>
<status status="PASS" start="2026-05-05T20:05:56.030010" elapsed="0.001705"/>
</kw>
<kw name="Set Variable" owner="BuiltIn">
<msg time="2026-05-05T20:05:56.034230" level="INFO">${sql} = INSERT INTO pessoa7(nome, data_nascimento, sexo, estado_civil, naturalidade, nacionalidade) VALUES ('Lucas Pereira', '1976-07-07', 'Masculino', 'Casado', 'Recife', 'Brasileira')</msg>
<var>${sql}</var>
<arg>INSERT INTO ${TABLE_NAME}(nome, data_nascimento, sexo, estado_civil, naturalidade, nacionalidade) VALUES ('${nome}', '${data_nascimento}', '${sexo}', '${estado_civil}', '${naturalidade}', '${nacionalidade}')</arg>
<doc>Returns the given values which can then be assigned to a variables.</doc>
<status status="PASS" start="2026-05-05T20:05:56.032199" elapsed="0.002518"/>
</kw>
<kw name="Execute Sql String" owner="DatabaseLibrary">
<msg time="2026-05-05T20:05:56.036324" level="INFO" html="true">Executing sql:&lt;br&gt;&lt;code style="font-weight: bold;"&gt;INSERT INTO pessoa7(nome, data_nascimento, sexo, estado_civil, naturalidade, nacionalidade) VALUES ('Lucas Pereira', '1976-07-07', 'Masculino', 'Casado', 'Recife', 'Brasileira')&lt;/code&gt;</msg>
<msg time="2026-05-05T20:05:56.039671" level="INFO">Commit the transaction</msg>
<arg>${sql}</arg>
<doc>Executes the ``sql_string`` - as a single SQL command (default) or as separate statements.</doc>
<status status="PASS" start="2026-05-05T20:05:56.035429" elapsed="0.008618"/>
</kw>
<var name="${line}">Lucas Pereira,1976-07-07,Masculino,Casado,Recife,Brasileira</var>
<status status="PASS" start="2026-05-05T20:05:56.015512" elapsed="0.029260"/>
</iter>
<iter>
<kw name="Split String" owner="String">
<msg time="2026-05-05T20:05:56.046973" level="INFO">${data} = ['Julia Costa', '1977-08-08', 'Feminino', 'Divorciado', 'Porto Alegre', 'Brasileira']</msg>
<var>${data}</var>
<arg>${line}</arg>
<arg>,</arg>
<doc>Splits the ``string`` using ``separator`` as a delimiter string.</doc>
<status status="PASS" start="2026-05-05T20:05:56.045908" elapsed="0.001396"/>
</kw>
<kw name="Set Variable" owner="BuiltIn">
<msg time="2026-05-05T20:05:56.048578" level="INFO">${nome} = Julia Costa</msg>
<var>${nome}</var>
<arg>${data}[0]</arg>
<doc>Returns the given values which can then be assigned to a variables.</doc>
<status status="PASS" start="2026-05-05T20:05:56.047724" elapsed="0.001126"/>
</kw>
<kw name="Set Variable" owner="BuiltIn">
<msg time="2026-05-05T20:05:56.050813" level="INFO">${data_nascimento} = 1977-08-08</msg>
<var>${data_nascimento}</var>
<arg>${data}[1]</arg>
<doc>Returns the given values which can then be assigned to a variables.</doc>
<status status="PASS" start="2026-05-05T20:05:56.049463" elapsed="0.001753"/>
</kw>
<kw name="Set Variable" owner="BuiltIn">
<msg time="2026-05-05T20:05:56.053259" level="INFO">${sexo} = Feminino</msg>
<var>${sexo}</var>
<arg>${data}[2]</arg>
<doc>Returns the given values which can then be assigned to a variables.</doc>
<status status="PASS" start="2026-05-05T20:05:56.052010" elapsed="0.001594"/>
</kw>
<kw name="Set Variable" owner="BuiltIn">
<msg time="2026-05-05T20:05:56.055137" level="INFO">${estado_civil} = Divorciado</msg>
<var>${estado_civil}</var>
<arg>${data}[3]</arg>
<doc>Returns the given values which can then be assigned to a variables.</doc>
<status status="PASS" start="2026-05-05T20:05:56.054032" elapsed="0.001472"/>
</kw>
<kw name="Set Variable" owner="BuiltIn">
<msg time="2026-05-05T20:05:56.056746" level="INFO">${naturalidade} = Porto Alegre</msg>
<var>${naturalidade}</var>
<arg>${data}[4]</arg>
<doc>Returns the given values which can then be assigned to a variables.</doc>
<status status="PASS" start="2026-05-05T20:05:56.055893" elapsed="0.001095"/>
</kw>
<kw name="Set Variable" owner="BuiltIn">
<msg time="2026-05-05T20:05:56.060078" level="INFO">${nacionalidade} = Brasileira</msg>
<var>${nacionalidade}</var>
<arg>${data}[5]</arg>
<doc>Returns the given values which can then be assigned to a variables.</doc>
<status status="PASS" start="2026-05-05T20:05:56.057353" elapsed="0.003577"/>
</kw>
<kw name="Set Variable" owner="BuiltIn">
<msg time="2026-05-05T20:05:56.064498" level="INFO">${sql} = INSERT INTO pessoa7(nome, data_nascimento, sexo, estado_civil, naturalidade, nacionalidade) VALUES ('Julia Costa', '1977-08-08', 'Feminino', 'Divorciado', 'Porto Alegre', 'Brasileira')</msg>
<var>${sql}</var>
<arg>INSERT INTO ${TABLE_NAME}(nome, data_nascimento, sexo, estado_civil, naturalidade, nacionalidade) VALUES ('${nome}', '${data_nascimento}', '${sexo}', '${estado_civil}', '${naturalidade}', '${nacionalidade}')</arg>
<doc>Returns the given values which can then be assigned to a variables.</doc>
<status status="PASS" start="2026-05-05T20:05:56.062492" elapsed="0.002825"/>
</kw>
<kw name="Execute Sql String" owner="DatabaseLibrary">
<msg time="2026-05-05T20:05:56.067851" level="INFO" html="true">Executing sql:&lt;br&gt;&lt;code style="font-weight: bold;"&gt;INSERT INTO pessoa7(nome, data_nascimento, sexo, estado_civil, naturalidade, nacionalidade) VALUES ('Julia Costa', '1977-08-08', 'Feminino', 'Divorciado', 'Porto Alegre', 'Brasileira')&lt;/code&gt;</msg>
<msg time="2026-05-05T20:05:56.074197" level="INFO">Commit the transaction</msg>
<arg>${sql}</arg>
<doc>Executes the ``sql_string`` - as a single SQL command (default) or as separate statements.</doc>
<status status="PASS" start="2026-05-05T20:05:56.065994" elapsed="0.013542"/>
</kw>
<var name="${line}">Julia Costa,1977-08-08,Feminino,Divorciado,Porto Alegre,Brasileira</var>
<status status="PASS" start="2026-05-05T20:05:56.045297" elapsed="0.034863"/>
</iter>
<iter>
<kw name="Split String" owner="String">
<msg time="2026-05-05T20:05:56.083174" level="INFO">${data} = ['Mariana Rodrigues', '1978-09-09', 'Feminino', 'Viúvo', 'Brasília', 'Brasileira']</msg>
<var>${data}</var>
<arg>${line}</arg>
<arg>,</arg>
<doc>Splits the ``string`` using ``separator`` as a delimiter string.</doc>
<status status="PASS" start="2026-05-05T20:05:56.081678" elapsed="0.002029"/>
</kw>
<kw name="Set Variable" owner="BuiltIn">
<msg time="2026-05-05T20:05:56.085558" level="INFO">${nome} = Mariana Rodrigues</msg>
<var>${nome}</var>
<arg>${data}[0]</arg>
<doc>Returns the given values which can then be assigned to a variables.</doc>
<status status="PASS" start="2026-05-05T20:05:56.084331" elapsed="0.001534"/>
</kw>
<kw name="Set Variable" owner="BuiltIn">
<msg time="2026-05-05T20:05:56.087631" level="INFO">${data_nascimento} = 1978-09-09</msg>
<var>${data_nascimento}</var>
<arg>${data}[1]</arg>
<doc>Returns the given values which can then be assigned to a variables.</doc>
<status status="PASS" start="2026-05-05T20:05:56.086360" elapsed="0.001659"/>
</kw>
<kw name="Set Variable" owner="BuiltIn">
<msg time="2026-05-05T20:05:56.090865" level="INFO">${sexo} = Feminino</msg>
<var>${sexo}</var>
<arg>${data}[2]</arg>
<doc>Returns the given values which can then be assigned to a variables.</doc>
<status status="PASS" start="2026-05-05T20:05:56.088912" elapsed="0.002595"/>
</kw>
<kw name="Set Variable" owner="BuiltIn">
<msg time="2026-05-05T20:05:56.095313" level="INFO">${estado_civil} = Viúvo</msg>
<var>${estado_civil}</var>
<arg>${data}[3]</arg>
<doc>Returns the given values which can then be assigned to a variables.</doc>
<status status="PASS" start="2026-05-05T20:05:56.093687" elapsed="0.002431"/>
</kw>
<kw name="Set Variable" owner="BuiltIn">
<msg time="2026-05-05T20:05:56.098447" level="INFO">${naturalidade} = Brasília</msg>
<var>${naturalidade}</var>
<arg>${data}[4]</arg>
<doc>Returns the given values which can then be assigned to a variables.</doc>
<status status="PASS" start="2026-05-05T20:05:56.096774" elapsed="0.002078"/>
</kw>
<kw name="Set Variable" owner="BuiltIn">
<msg time="2026-05-05T20:05:56.100857" level="INFO">${nacionalidade} = Brasileira</msg>
<var>${nacionalidade}</var>
<arg>${data}[5]</arg>
<doc>Returns the given values which can then be assigned to a variables.</doc>
<status status="PASS" start="2026-05-05T20:05:56.099433" elapsed="0.001737"/>
</kw>
<kw name="Set Variable" owner="BuiltIn">
<msg time="2026-05-05T20:05:56.103707" level="INFO">${sql} = INSERT INTO pessoa7(nome, data_nascimento, sexo, estado_civil, naturalidade, nacionalidade) VALUES ('Mariana Rodrigues', '1978-09-09', 'Feminino', 'Viúvo', 'Brasília', 'Brasileira')</msg>
<var>${sql}</var>
<arg>INSERT INTO ${TABLE_NAME}(nome, data_nascimento, sexo, estado_civil, naturalidade, nacionalidade) VALUES ('${nome}', '${data_nascimento}', '${sexo}', '${estado_civil}', '${naturalidade}', '${nacionalidade}')</arg>
<doc>Returns the given values which can then be assigned to a variables.</doc>
<status status="PASS" start="2026-05-05T20:05:56.101901" elapsed="0.002156"/>
</kw>
<kw name="Execute Sql String" owner="DatabaseLibrary">
<msg time="2026-05-05T20:05:56.105663" level="INFO" html="true">Executing sql:&lt;br&gt;&lt;code style="font-weight: bold;"&gt;INSERT INTO pessoa7(nome, data_nascimento, sexo, estado_civil, naturalidade, nacionalidade) VALUES ('Mariana Rodrigues', '1978-09-09', 'Feminino', 'Viúvo', 'Brasília', 'Brasileira')&lt;/code&gt;</msg>
<msg time="2026-05-05T20:05:56.110968" level="INFO">Commit the transaction</msg>
<arg>${sql}</arg>
<doc>Executes the ``sql_string`` - as a single SQL command (default) or as separate statements.</doc>
<status status="PASS" start="2026-05-05T20:05:56.104503" elapsed="0.010540"/>
</kw>
<var name="${line}">Mariana Rodrigues,1978-09-09,Feminino,Viúvo,Brasília,Brasileira</var>
<status status="PASS" start="2026-05-05T20:05:56.080739" elapsed="0.034748"/>
</iter>
<iter>
<kw name="Split String" owner="String">
<msg time="2026-05-05T20:05:56.117706" level="INFO">${data} = ['Rafael Alves', '1979-10-10', 'Masculino', 'Solteiro', 'Manaus', 'Brasileira']</msg>
<var>${data}</var>
<arg>${line}</arg>
<arg>,</arg>
<doc>Splits the ``string`` using ``separator`` as a delimiter string.</doc>
<status status="PASS" start="2026-05-05T20:05:56.116428" elapsed="0.001556"/>
</kw>
<kw name="Set Variable" owner="BuiltIn">
<msg time="2026-05-05T20:05:56.119961" level="INFO">${nome} = Rafael Alves</msg>
<var>${nome}</var>
<arg>${data}[0]</arg>
<doc>Returns the given values which can then be assigned to a variables.</doc>
<status status="PASS" start="2026-05-05T20:05:56.118453" elapsed="0.001907"/>
</kw>
<kw name="Set Variable" owner="BuiltIn">
<msg time="2026-05-05T20:05:56.122159" level="INFO">${data_nascimento} = 1979-10-10</msg>
<var>${data_nascimento}</var>
<arg>${data}[1]</arg>
<doc>Returns the given values which can then be assigned to a variables.</doc>
<status status="PASS" start="2026-05-05T20:05:56.121082" elapsed="0.001433"/>
</kw>
<kw name="Set Variable" owner="BuiltIn">
<msg time="2026-05-05T20:05:56.124428" level="INFO">${sexo} = Masculino</msg>
<var>${sexo}</var>
<arg>${data}[2]</arg>
<doc>Returns the given values which can then be assigned to a variables.</doc>
<status status="PASS" start="2026-05-05T20:05:56.123081" elapsed="0.001654"/>
</kw>
<kw name="Set Variable" owner="BuiltIn">
<msg time="2026-05-05T20:05:56.126803" level="INFO">${estado_civil} = Solteiro</msg>
<var>${estado_civil}</var>
<arg>${data}[3]</arg>
<doc>Returns the given values which can then be assigned to a variables.</doc>
<status status="PASS" start="2026-05-05T20:05:56.125301" elapsed="0.002067"/>
</kw>
<kw name="Set Variable" owner="BuiltIn">
<msg time="2026-05-05T20:05:56.129604" level="INFO">${naturalidade} = Manaus</msg>
<var>${naturalidade}</var>
<arg>${data}[4]</arg>
<doc>Returns the given values which can then be assigned to a variables.</doc>
<status status="PASS" start="2026-05-05T20:05:56.128366" elapsed="0.001667"/>
</kw>
<kw name="Set Variable" owner="BuiltIn">
<msg time="2026-05-05T20:05:56.132038" level="INFO">${nacionalidade} = Brasileira</msg>
<var>${nacionalidade}</var>
<arg>${data}[5]</arg>
<doc>Returns the given values which can then be assigned to a variables.</doc>
<status status="PASS" start="2026-05-05T20:05:56.130732" elapsed="0.001653"/>
</kw>
<kw name="Set Variable" owner="BuiltIn">
<msg time="2026-05-05T20:05:56.135844" level="INFO">${sql} = INSERT INTO pessoa7(nome, data_nascimento, sexo, estado_civil, naturalidade, nacionalidade) VALUES ('Rafael Alves', '1979-10-10', 'Masculino', 'Solteiro', 'Manaus', 'Brasileira')</msg>
<var>${sql}</var>
<arg>INSERT INTO ${TABLE_NAME}(nome, data_nascimento, sexo, estado_civil, naturalidade, nacionalidade) VALUES ('${nome}', '${data_nascimento}', '${sexo}', '${estado_civil}', '${naturalidade}', '${nacionalidade}')</arg>
<doc>Returns the given values which can then be assigned to a variables.</doc>
<status status="PASS" start="2026-05-05T20:05:56.132936" elapsed="0.003936"/>
</kw>
<kw name="Execute Sql String" owner="DatabaseLibrary">
<msg time="2026-05-05T20:05:56.139199" level="INFO" html="true">Executing sql:&lt;br&gt;&lt;code style="font-weight: bold;"&gt;INSERT INTO pessoa7(nome, data_nascimento, sexo, estado_civil, naturalidade, nacionalidade) VALUES ('Rafael Alves', '1979-10-10', 'Masculino', 'Solteiro', 'Manaus', 'Brasileira')&lt;/code&gt;</msg>
<msg time="2026-05-05T20:05:56.143976" level="INFO">Commit the transaction</msg>
<arg>${sql}</arg>
<doc>Executes the ``sql_string`` - as a single SQL command (default) or as separate statements.</doc>
<status status="PASS" start="2026-05-05T20:05:56.137764" elapsed="0.011641"/>
</kw>
<var name="${line}">Rafael Alves,1979-10-10,Masculino,Solteiro,Manaus,Brasileira</var>
<status status="PASS" start="2026-05-05T20:05:56.115820" elapsed="0.034084"/>
</iter>
<iter>
<kw name="Split String" owner="String">
<msg time="2026-05-05T20:05:56.151721" level="INFO">${data} = ['Bruno Martins', '1980-11-11', 'Masculino', 'Casado', 'Fortaleza', 'Brasileira']</msg>
<var>${data}</var>
<arg>${line}</arg>
<arg>,</arg>
<doc>Splits the ``string`` using ``separator`` as a delimiter string.</doc>
<status status="PASS" start="2026-05-05T20:05:56.150872" elapsed="0.001145"/>
</kw>
<kw name="Set Variable" owner="BuiltIn">
<msg time="2026-05-05T20:05:56.152959" level="INFO">${nome} = Bruno Martins</msg>
<var>${nome}</var>
<arg>${data}[0]</arg>
<doc>Returns the given values which can then be assigned to a variables.</doc>
<status status="PASS" start="2026-05-05T20:05:56.152400" elapsed="0.000769"/>
</kw>
<kw name="Set Variable" owner="BuiltIn">
<msg time="2026-05-05T20:05:56.153876" level="INFO">${data_nascimento} = 1980-11-11</msg>
<var>${data_nascimento}</var>
<arg>${data}[1]</arg>
<doc>Returns the given values which can then be assigned to a variables.</doc>
<status status="PASS" start="2026-05-05T20:05:56.153443" elapsed="0.000597"/>
</kw>
<kw name="Set Variable" owner="BuiltIn">
<msg time="2026-05-05T20:05:56.154841" level="INFO">${sexo} = Masculino</msg>
<var>${sexo}</var>
<arg>${data}[2]</arg>
<doc>Returns the given values which can then be assigned to a variables.</doc>
<status status="PASS" start="2026-05-05T20:05:56.154291" elapsed="0.000796"/>
</kw>
<kw name="Set Variable" owner="BuiltIn">
<msg time="2026-05-05T20:05:56.156258" level="INFO">${estado_civil} = Casado</msg>
<var>${estado_civil}</var>
<arg>${data}[3]</arg>
<doc>Returns the given values which can then be assigned to a variables.</doc>
<status status="PASS" start="2026-05-05T20:05:56.155466" elapsed="0.001025"/>
</kw>
<kw name="Set Variable" owner="BuiltIn">
<msg time="2026-05-05T20:05:56.157674" level="INFO">${naturalidade} = Fortaleza</msg>
<var>${naturalidade}</var>
<arg>${data}[4]</arg>
<doc>Returns the given values which can then be assigned to a variables.</doc>
<status status="PASS" start="2026-05-05T20:05:56.156881" elapsed="0.001139"/>
</kw>
<kw name="Set Variable" owner="BuiltIn">
<msg time="2026-05-05T20:05:56.160364" level="INFO">${nacionalidade} = Brasileira</msg>
<var>${nacionalidade}</var>
<arg>${data}[5]</arg>
<doc>Returns the given values which can then be assigned to a variables.</doc>
<status status="PASS" start="2026-05-05T20:05:56.159018" elapsed="0.002038"/>
</kw>
<kw name="Set Variable" owner="BuiltIn">
<msg time="2026-05-05T20:05:56.162780" level="INFO">${sql} = INSERT INTO pessoa7(nome, data_nascimento, sexo, estado_civil, naturalidade, nacionalidade) VALUES ('Bruno Martins', '1980-11-11', 'Masculino', 'Casado', 'Fortaleza', 'Brasileira')</msg>
<var>${sql}</var>
<arg>INSERT INTO ${TABLE_NAME}(nome, data_nascimento, sexo, estado_civil, naturalidade, nacionalidade) VALUES ('${nome}', '${data_nascimento}', '${sexo}', '${estado_civil}', '${naturalidade}', '${nacionalidade}')</arg>
<doc>Returns the given values which can then be assigned to a variables.</doc>
<status status="PASS" start="2026-05-05T20:05:56.161751" elapsed="0.001616"/>
</kw>
<kw name="Execute Sql String" owner="DatabaseLibrary">
<msg time="2026-05-05T20:05:56.165884" level="INFO" html="true">Executing sql:&lt;br&gt;&lt;code style="font-weight: bold;"&gt;INSERT INTO pessoa7(nome, data_nascimento, sexo, estado_civil, naturalidade, nacionalidade) VALUES ('Bruno Martins', '1980-11-11', 'Masculino', 'Casado', 'Fortaleza', 'Brasileira')&lt;/code&gt;</msg>
<msg time="2026-05-05T20:05:56.171392" level="INFO">Commit the transaction</msg>
<arg>${sql}</arg>
<doc>Executes the ``sql_string`` - as a single SQL command (default) or as separate statements.</doc>
<status status="PASS" start="2026-05-05T20:05:56.164341" elapsed="0.010870"/>
</kw>
<var name="${line}">Bruno Martins,1980-11-11,Masculino,Casado,Fortaleza,Brasileira</var>
<status status="PASS" start="2026-05-05T20:05:56.150363" elapsed="0.025175"/>
</iter>
<iter>
<kw name="Split String" owner="String">
<msg time="2026-05-05T20:05:56.177285" level="INFO">${data} = ['Sofia Silva', '1981-12-12', 'Feminino', 'Divorciado', 'Rio de Janeiro', 'Brasileira']</msg>
<var>${data}</var>
<arg>${line}</arg>
<arg>,</arg>
<doc>Splits the ``string`` using ``separator`` as a delimiter string.</doc>
<status status="PASS" start="2026-05-05T20:05:56.176224" elapsed="0.001674"/>
</kw>
<kw name="Set Variable" owner="BuiltIn">
<msg time="2026-05-05T20:05:56.179434" level="INFO">${nome} = Sofia Silva</msg>
<var>${nome}</var>
<arg>${data}[0]</arg>
<doc>Returns the given values which can then be assigned to a variables.</doc>
<status status="PASS" start="2026-05-05T20:05:56.178586" elapsed="0.001063"/>
</kw>
<kw name="Set Variable" owner="BuiltIn">
<msg time="2026-05-05T20:05:56.181697" level="INFO">${data_nascimento} = 1981-12-12</msg>
<var>${data_nascimento}</var>
<arg>${data}[1]</arg>
<doc>Returns the given values which can then be assigned to a variables.</doc>
<status status="PASS" start="2026-05-05T20:05:56.180304" elapsed="0.002295"/>
</kw>
<kw name="Set Variable" owner="BuiltIn">
<msg time="2026-05-05T20:05:56.186343" level="INFO">${sexo} = Feminino</msg>
<var>${sexo}</var>
<arg>${data}[2]</arg>
<doc>Returns the given values which can then be assigned to a variables.</doc>
<status status="PASS" start="2026-05-05T20:05:56.184714" elapsed="0.001918"/>
</kw>
<kw name="Set Variable" owner="BuiltIn">
<msg time="2026-05-05T20:05:56.188246" level="INFO">${estado_civil} = Divorciado</msg>
<var>${estado_civil}</var>
<arg>${data}[3]</arg>
<doc>Returns the given values which can then be assigned to a variables.</doc>
<status status="PASS" start="2026-05-05T20:05:56.187444" elapsed="0.001074"/>
</kw>
<kw name="Set Variable" owner="BuiltIn">
<msg time="2026-05-05T20:05:56.189817" level="INFO">${naturalidade} = Rio de Janeiro</msg>
<var>${naturalidade}</var>
<arg>${data}[4]</arg>
<doc>Returns the given values which can then be assigned to a variables.</doc>
<status status="PASS" start="2026-05-05T20:05:56.188915" elapsed="0.001218"/>
</kw>
<kw name="Set Variable" owner="BuiltIn">
<msg time="2026-05-05T20:05:56.191667" level="INFO">${nacionalidade} = Brasileira</msg>
<var>${nacionalidade}</var>
<arg>${data}[5]</arg>
<doc>Returns the given values which can then be assigned to a variables.</doc>
<status status="PASS" start="2026-05-05T20:05:56.190668" elapsed="0.001261"/>
</kw>
<kw name="Set Variable" owner="BuiltIn">
<msg time="2026-05-05T20:05:56.193354" level="INFO">${sql} = INSERT INTO pessoa7(nome, data_nascimento, sexo, estado_civil, naturalidade, nacionalidade) VALUES ('Sofia Silva', '1981-12-12', 'Feminino', 'Divorciado', 'Rio de Janeiro', 'Brasileira')</msg>
<var>${sql}</var>
<arg>INSERT INTO ${TABLE_NAME}(nome, data_nascimento, sexo, estado_civil, naturalidade, nacionalidade) VALUES ('${nome}', '${data_nascimento}', '${sexo}', '${estado_civil}', '${naturalidade}', '${nacionalidade}')</arg>
<doc>Returns the given values which can then be assigned to a variables.</doc>
<status status="PASS" start="2026-05-05T20:05:56.192302" elapsed="0.001346"/>
</kw>
<kw name="Execute Sql String" owner="DatabaseLibrary">
<msg time="2026-05-05T20:05:56.195834" level="INFO" html="true">Executing sql:&lt;br&gt;&lt;code style="font-weight: bold;"&gt;INSERT INTO pessoa7(nome, data_nascimento, sexo, estado_civil, naturalidade, nacionalidade) VALUES ('Sofia Silva', '1981-12-12', 'Feminino', 'Divorciado', 'Rio de Janeiro', 'Brasileira')&lt;/code&gt;</msg>
<msg time="2026-05-05T20:05:56.202472" level="INFO">Commit the transaction</msg>
<arg>${sql}</arg>
<doc>Executes the ``sql_string`` - as a single SQL command (default) or as separate statements.</doc>
<status status="PASS" start="2026-05-05T20:05:56.194630" elapsed="0.012665"/>
</kw>
<var name="${line}">Sofia Silva,1981-12-12,Feminino,Divorciado,Rio de Janeiro,Brasileira</var>
<status status="PASS" start="2026-05-05T20:05:56.175839" elapsed="0.031901"/>
</iter>
<iter>
<kw name="Split String" owner="String">
<msg time="2026-05-05T20:05:56.209604" level="INFO">${data} = ['Gabriel Souza', '1982-01-13', 'Masculino', 'Viúvo', 'São Paulo', 'Brasileira']</msg>
<var>${data}</var>
<arg>${line}</arg>
<arg>,</arg>
<doc>Splits the ``string`` using ``separator`` as a delimiter string.</doc>
<status status="PASS" start="2026-05-05T20:05:56.208843" elapsed="0.001250"/>
</kw>
<kw name="Set Variable" owner="BuiltIn">
<msg time="2026-05-05T20:05:56.211436" level="INFO">${nome} = Gabriel Souza</msg>
<var>${nome}</var>
<arg>${data}[0]</arg>
<doc>Returns the given values which can then be assigned to a variables.</doc>
<status status="PASS" start="2026-05-05T20:05:56.210608" elapsed="0.001086"/>
</kw>
<kw name="Set Variable" owner="BuiltIn">
<msg time="2026-05-05T20:05:56.213573" level="INFO">${data_nascimento} = 1982-01-13</msg>
<var>${data_nascimento}</var>
<arg>${data}[1]</arg>
<doc>Returns the given values which can then be assigned to a variables.</doc>
<status status="PASS" start="2026-05-05T20:05:56.212204" elapsed="0.002613"/>
</kw>
<kw name="Set Variable" owner="BuiltIn">
<msg time="2026-05-05T20:05:56.218168" level="INFO">${sexo} = Masculino</msg>
<var>${sexo}</var>
<arg>${data}[2]</arg>
<doc>Returns the given values which can then be assigned to a variables.</doc>
<status status="PASS" start="2026-05-05T20:05:56.215719" elapsed="0.002940"/>
</kw>
<kw name="Set Variable" owner="BuiltIn">
<msg time="2026-05-05T20:05:56.220629" level="INFO">${estado_civil} = Viúvo</msg>
<var>${estado_civil}</var>
<arg>${data}[3]</arg>
<doc>Returns the given values which can then be assigned to a variables.</doc>
<status status="PASS" start="2026-05-05T20:05:56.219505" elapsed="0.001434"/>
</kw>
<kw name="Set Variable" owner="BuiltIn">
<msg time="2026-05-05T20:05:56.222186" level="INFO">${naturalidade} = São Paulo</msg>
<var>${naturalidade}</var>
<arg>${data}[4]</arg>
<doc>Returns the given values which can then be assigned to a variables.</doc>
<status status="PASS" start="2026-05-05T20:05:56.221534" elapsed="0.000880"/>
</kw>
<kw name="Set Variable" owner="BuiltIn">
<msg time="2026-05-05T20:05:56.224337" level="INFO">${nacionalidade} = Brasileira</msg>
<var>${nacionalidade}</var>
<arg>${data}[5]</arg>
<doc>Returns the given values which can then be assigned to a variables.</doc>
<status status="PASS" start="2026-05-05T20:05:56.222879" elapsed="0.001833"/>
</kw>
<kw name="Set Variable" owner="BuiltIn">
<msg time="2026-05-05T20:05:56.226835" level="INFO">${sql} = INSERT INTO pessoa7(nome, data_nascimento, sexo, estado_civil, naturalidade, nacionalidade) VALUES ('Gabriel Souza', '1982-01-13', 'Masculino', 'Viúvo', 'São Paulo', 'Brasileira')</msg>
<var>${sql}</var>
<arg>INSERT INTO ${TABLE_NAME}(nome, data_nascimento, sexo, estado_civil, naturalidade, nacionalidade) VALUES ('${nome}', '${data_nascimento}', '${sexo}', '${estado_civil}', '${naturalidade}', '${nacionalidade}')</arg>
<doc>Returns the given values which can then be assigned to a variables.</doc>
<status status="PASS" start="2026-05-05T20:05:56.225104" elapsed="0.002488"/>
</kw>
<kw name="Execute Sql String" owner="DatabaseLibrary">
<msg time="2026-05-05T20:05:56.229697" level="INFO" html="true">Executing sql:&lt;br&gt;&lt;code style="font-weight: bold;"&gt;INSERT INTO pessoa7(nome, data_nascimento, sexo, estado_civil, naturalidade, nacionalidade) VALUES ('Gabriel Souza', '1982-01-13', 'Masculino', 'Viúvo', 'São Paulo', 'Brasileira')&lt;/code&gt;</msg>
<msg time="2026-05-05T20:05:56.235136" level="INFO">Commit the transaction</msg>
<arg>${sql}</arg>
<doc>Executes the ``sql_string`` - as a single SQL command (default) or as separate statements.</doc>
<status status="PASS" start="2026-05-05T20:05:56.228124" elapsed="0.012044"/>
</kw>
<var name="${line}">Gabriel Souza,1982-01-13,Masculino,Viúvo,São Paulo,Brasileira</var>
<status status="PASS" start="2026-05-05T20:05:56.208181" elapsed="0.032499"/>
</iter>
<iter>
<kw name="Split String" owner="String">
<msg time="2026-05-05T20:05:56.242460" level="INFO">${data} = ['Felipe Oliveira', '1983-02-14', 'Masculino', 'Solteiro', 'Curitiba', 'Brasileira']</msg>
<var>${data}</var>
<arg>${line}</arg>
<arg>,</arg>
<doc>Splits the ``string`` using ``separator`` as a delimiter string.</doc>
<status status="PASS" start="2026-05-05T20:05:56.241731" elapsed="0.001221"/>
</kw>
<kw name="Set Variable" owner="BuiltIn">
<msg time="2026-05-05T20:05:56.245834" level="INFO">${nome} = Felipe Oliveira</msg>
<var>${nome}</var>
<arg>${data}[0]</arg>
<doc>Returns the given values which can then be assigned to a variables.</doc>
<status status="PASS" start="2026-05-05T20:05:56.243717" elapsed="0.002434"/>
</kw>
<kw name="Set Variable" owner="BuiltIn">
<msg time="2026-05-05T20:05:56.248289" level="INFO">${data_nascimento} = 1983-02-14</msg>
<var>${data_nascimento}</var>
<arg>${data}[1]</arg>
<doc>Returns the given values which can then be assigned to a variables.</doc>
<status status="PASS" start="2026-05-05T20:05:56.246753" elapsed="0.001902"/>
</kw>
<kw name="Set Variable" owner="BuiltIn">
<msg time="2026-05-05T20:05:56.250591" level="INFO">${sexo} = Masculino</msg>
<var>${sexo}</var>
<arg>${data}[2]</arg>
<doc>Returns the given values which can then be assigned to a variables.</doc>
<status status="PASS" start="2026-05-05T20:05:56.249369" elapsed="0.001812"/>
</kw>
<kw name="Set Variable" owner="BuiltIn">
<msg time="2026-05-05T20:05:56.252963" level="INFO">${estado_civil} = Solteiro</msg>
<var>${estado_civil}</var>
<arg>${data}[3]</arg>
<doc>Returns the given values which can then be assigned to a variables.</doc>
<status status="PASS" start="2026-05-05T20:05:56.251938" elapsed="0.001356"/>
</kw>
<kw name="Set Variable" owner="BuiltIn">
<msg time="2026-05-05T20:05:56.254978" level="INFO">${naturalidade} = Curitiba</msg>
<var>${naturalidade}</var>
<arg>${data}[4]</arg>
<doc>Returns the given values which can then be assigned to a variables.</doc>
<status status="PASS" start="2026-05-05T20:05:56.253914" elapsed="0.001341"/>
</kw>
<kw name="Set Variable" owner="BuiltIn">
<msg time="2026-05-05T20:05:56.260220" level="INFO">${nacionalidade} = Brasileira</msg>
<var>${nacionalidade}</var>
<arg>${data}[5]</arg>
<doc>Returns the given values which can then be assigned to a variables.</doc>
<status status="PASS" start="2026-05-05T20:05:56.256019" elapsed="0.004650"/>
</kw>
<kw name="Set Variable" owner="BuiltIn">
<msg time="2026-05-05T20:05:56.263669" level="INFO">${sql} = INSERT INTO pessoa7(nome, data_nascimento, sexo, estado_civil, naturalidade, nacionalidade) VALUES ('Felipe Oliveira', '1983-02-14', 'Masculino', 'Solteiro', 'Curitiba', 'Brasileira')</msg>
<var>${sql}</var>
<arg>INSERT INTO ${TABLE_NAME}(nome, data_nascimento, sexo, estado_civil, naturalidade, nacionalidade) VALUES ('${nome}', '${data_nascimento}', '${sexo}', '${estado_civil}', '${naturalidade}', '${nacionalidade}')</arg>
<doc>Returns the given values which can then be assigned to a variables.</doc>
<status status="PASS" start="2026-05-05T20:05:56.261400" elapsed="0.002824"/>
</kw>
<kw name="Execute Sql String" owner="DatabaseLibrary">
<msg time="2026-05-05T20:05:56.267559" level="INFO" html="true">Executing sql:&lt;br&gt;&lt;code style="font-weight: bold;"&gt;INSERT INTO pessoa7(nome, data_nascimento, sexo, estado_civil, naturalidade, nacionalidade) VALUES ('Felipe Oliveira', '1983-02-14', 'Masculino', 'Solteiro', 'Curitiba', 'Brasileira')&lt;/code&gt;</msg>
<msg time="2026-05-05T20:05:56.271940" level="INFO">Commit the transaction</msg>
<arg>${sql}</arg>
<doc>Executes the ``sql_string`` - as a single SQL command (default) or as separate statements.</doc>
<status status="PASS" start="2026-05-05T20:05:56.266082" elapsed="0.009907"/>
</kw>
<var name="${line}">Felipe Oliveira,1983-02-14,Masculino,Solteiro,Curitiba,Brasileira</var>
<status status="PASS" start="2026-05-05T20:05:56.241323" elapsed="0.034973"/>
</iter>
<iter>
<kw name="Split String" owner="String">
<msg time="2026-05-05T20:05:56.278635" level="INFO">${data} = ['Larissa Santos', '1984-03-15', 'Feminino', 'Casado', 'Salvador', 'Brasileira']</msg>
<var>${data}</var>
<arg>${line}</arg>
<arg>,</arg>
<doc>Splits the ``string`` using ``separator`` as a delimiter string.</doc>
<status status="PASS" start="2026-05-05T20:05:56.277310" elapsed="0.001602"/>
</kw>
<kw name="Set Variable" owner="BuiltIn">
<msg time="2026-05-05T20:05:56.280449" level="INFO">${nome} = Larissa Santos</msg>
<var>${nome}</var>
<arg>${data}[0]</arg>
<doc>Returns the given values which can then be assigned to a variables.</doc>
<status status="PASS" start="2026-05-05T20:05:56.279448" elapsed="0.001420"/>
</kw>
<kw name="Set Variable" owner="BuiltIn">
<msg time="2026-05-05T20:05:56.283020" level="INFO">${data_nascimento} = 1984-03-15</msg>
<var>${data_nascimento}</var>
<arg>${data}[1]</arg>
<doc>Returns the given values which can then be assigned to a variables.</doc>
<status status="PASS" start="2026-05-05T20:05:56.281458" elapsed="0.002140"/>
</kw>
<kw name="Set Variable" owner="BuiltIn">
<msg time="2026-05-05T20:05:56.286133" level="INFO">${sexo} = Feminino</msg>
<var>${sexo}</var>
<arg>${data}[2]</arg>
<doc>Returns the given values which can then be assigned to a variables.</doc>
<status status="PASS" start="2026-05-05T20:05:56.284578" elapsed="0.001966"/>
</kw>
<kw name="Set Variable" owner="BuiltIn">
<msg time="2026-05-05T20:05:56.288608" level="INFO">${estado_civil} = Casado</msg>
<var>${estado_civil}</var>
<arg>${data}[3]</arg>
<doc>Returns the given values which can then be assigned to a variables.</doc>
<status status="PASS" start="2026-05-05T20:05:56.287313" elapsed="0.001569"/>
</kw>
<kw name="Set Variable" owner="BuiltIn">
<msg time="2026-05-05T20:05:56.290263" level="INFO">${naturalidade} = Salvador</msg>
<var>${naturalidade}</var>
<arg>${data}[4]</arg>
<doc>Returns the given values which can then be assigned to a variables.</doc>
<status status="PASS" start="2026-05-05T20:05:56.289280" elapsed="0.001286"/>
</kw>
<kw name="Set Variable" owner="BuiltIn">
<msg time="2026-05-05T20:05:56.292146" level="INFO">${nacionalidade} = Brasileira</msg>
<var>${nacionalidade}</var>
<arg>${data}[5]</arg>
<doc>Returns the given values which can then be assigned to a variables.</doc>
<status status="PASS" start="2026-05-05T20:05:56.291100" elapsed="0.001632"/>
</kw>
<kw name="Set Variable" owner="BuiltIn">
<msg time="2026-05-05T20:05:56.296238" level="INFO">${sql} = INSERT INTO pessoa7(nome, data_nascimento, sexo, estado_civil, naturalidade, nacionalidade) VALUES ('Larissa Santos', '1984-03-15', 'Feminino', 'Casado', 'Salvador', 'Brasileira')</msg>
<var>${sql}</var>
<arg>INSERT INTO ${TABLE_NAME}(nome, data_nascimento, sexo, estado_civil, naturalidade, nacionalidade) VALUES ('${nome}', '${data_nascimento}', '${sexo}', '${estado_civil}', '${naturalidade}', '${nacionalidade}')</arg>
<doc>Returns the given values which can then be assigned to a variables.</doc>
<status status="PASS" start="2026-05-05T20:05:56.294362" elapsed="0.002247"/>
</kw>
<kw name="Execute Sql String" owner="DatabaseLibrary">
<msg time="2026-05-05T20:05:56.299200" level="INFO" html="true">Executing sql:&lt;br&gt;&lt;code style="font-weight: bold;"&gt;INSERT INTO pessoa7(nome, data_nascimento, sexo, estado_civil, naturalidade, nacionalidade) VALUES ('Larissa Santos', '1984-03-15', 'Feminino', 'Casado', 'Salvador', 'Brasileira')&lt;/code&gt;</msg>
<msg time="2026-05-05T20:05:56.306298" level="INFO">Commit the transaction</msg>
<arg>${sql}</arg>
<doc>Executes the ``sql_string`` - as a single SQL command (default) or as separate statements.</doc>
<status status="PASS" start="2026-05-05T20:05:56.297221" elapsed="0.013900"/>
</kw>
<var name="${line}">Larissa Santos,1984-03-15,Feminino,Casado,Salvador,Brasileira</var>
<status status="PASS" start="2026-05-05T20:05:56.276639" elapsed="0.035003"/>
</iter>
<iter>
<kw name="Split String" owner="String">
<msg time="2026-05-05T20:05:56.313470" level="INFO">${data} = ['Beatriz Lima', '1985-04-16', 'Feminino', 'Divorciado', 'Belo Horizonte', 'Brasileira']</msg>
<var>${data}</var>
<arg>${line}</arg>
<arg>,</arg>
<doc>Splits the ``string`` using ``separator`` as a delimiter string.</doc>
<status status="PASS" start="2026-05-05T20:05:56.312750" elapsed="0.001022"/>
</kw>
<kw name="Set Variable" owner="BuiltIn">
<msg time="2026-05-05T20:05:56.315857" level="INFO">${nome} = Beatriz Lima</msg>
<var>${nome}</var>
<arg>${data}[0]</arg>
<doc>Returns the given values which can then be assigned to a variables.</doc>
<status status="PASS" start="2026-05-05T20:05:56.314232" elapsed="0.001990"/>
</kw>
<kw name="Set Variable" owner="BuiltIn">
<msg time="2026-05-05T20:05:56.320690" level="INFO">${data_nascimento} = 1985-04-16</msg>
<var>${data_nascimento}</var>
<arg>${data}[1]</arg>
<doc>Returns the given values which can then be assigned to a variables.</doc>
<status status="PASS" start="2026-05-05T20:05:56.316901" elapsed="0.004735"/>
</kw>
<kw name="Set Variable" owner="BuiltIn">
<msg time="2026-05-05T20:05:56.323630" level="INFO">${sexo} = Feminino</msg>
<var>${sexo}</var>
<arg>${data}[2]</arg>
<doc>Returns the given values which can then be assigned to a variables.</doc>
<status status="PASS" start="2026-05-05T20:05:56.322335" elapsed="0.001621"/>
</kw>
<kw name="Set Variable" owner="BuiltIn">
<msg time="2026-05-05T20:05:56.325460" level="INFO">${estado_civil} = Divorciado</msg>
<var>${estado_civil}</var>
<arg>${data}[3]</arg>
<doc>Returns the given values which can then be assigned to a variables.</doc>
<status status="PASS" start="2026-05-05T20:05:56.324564" elapsed="0.001184"/>
</kw>
<kw name="Set Variable" owner="BuiltIn">
<msg time="2026-05-05T20:05:56.327178" level="INFO">${naturalidade} = Belo Horizonte</msg>
<var>${naturalidade}</var>
<arg>${data}[4]</arg>
<doc>Returns the given values which can then be assigned to a variables.</doc>
<status status="PASS" start="2026-05-05T20:05:56.326308" elapsed="0.001113"/>
</kw>
<kw name="Set Variable" owner="BuiltIn">
<msg time="2026-05-05T20:05:56.328844" level="INFO">${nacionalidade} = Brasileira</msg>
<var>${nacionalidade}</var>
<arg>${data}[5]</arg>
<doc>Returns the given values which can then be assigned to a variables.</doc>
<status status="PASS" start="2026-05-05T20:05:56.327984" elapsed="0.001211"/>
</kw>
<kw name="Set Variable" owner="BuiltIn">
<msg time="2026-05-05T20:05:56.330971" level="INFO">${sql} = INSERT INTO pessoa7(nome, data_nascimento, sexo, estado_civil, naturalidade, nacionalidade) VALUES ('Beatriz Lima', '1985-04-16', 'Feminino', 'Divorciado', 'Belo Horizonte', 'Brasileira')</msg>
<var>${sql}</var>
<arg>INSERT INTO ${TABLE_NAME}(nome, data_nascimento, sexo, estado_civil, naturalidade, nacionalidade) VALUES ('${nome}', '${data_nascimento}', '${sexo}', '${estado_civil}', '${naturalidade}', '${nacionalidade}')</arg>
<doc>Returns the given values which can then be assigned to a variables.</doc>
<status status="PASS" start="2026-05-05T20:05:56.329766" elapsed="0.001568"/>
</kw>
<kw name="Execute Sql String" owner="DatabaseLibrary">
<msg time="2026-05-05T20:05:56.334908" level="INFO" html="true">Executing sql:&lt;br&gt;&lt;code style="font-weight: bold;"&gt;INSERT INTO pessoa7(nome, data_nascimento, sexo, estado_civil, naturalidade, nacionalidade) VALUES ('Beatriz Lima', '1985-04-16', 'Feminino', 'Divorciado', 'Belo Horizonte', 'Brasileira')&lt;/code&gt;</msg>
<msg time="2026-05-05T20:05:56.339928" level="INFO">Commit the transaction</msg>
<arg>${sql}</arg>
<doc>Executes the ``sql_string`` - as a single SQL command (default) or as separate statements.</doc>
<status status="PASS" start="2026-05-05T20:05:56.331907" elapsed="0.012531"/>
</kw>
<var name="${line}">Beatriz Lima,1985-04-16,Feminino,Divorciado,Belo Horizonte,Brasileira</var>
<status status="PASS" start="2026-05-05T20:05:56.312252" elapsed="0.032685"/>
</iter>
<iter>
<kw name="Split String" owner="String">
<msg time="2026-05-05T20:05:56.347732" level="INFO">${data} = ['Diego Pereira', '1986-05-17', 'Masculino', 'Viúvo', 'Recife', 'Brasileira']</msg>
<var>${data}</var>
<arg>${line}</arg>
<arg>,</arg>
<doc>Splits the ``string`` using ``separator`` as a delimiter string.</doc>
<status status="PASS" start="2026-05-05T20:05:56.346198" elapsed="0.003195"/>
</kw>
<kw name="Set Variable" owner="BuiltIn">
<msg time="2026-05-05T20:05:56.356211" level="INFO">${nome} = Diego Pereira</msg>
<var>${nome}</var>
<arg>${data}[0]</arg>
<doc>Returns the given values which can then be assigned to a variables.</doc>
<status status="PASS" start="2026-05-05T20:05:56.352914" elapsed="0.004044"/>
</kw>
<kw name="Set Variable" owner="BuiltIn">
<msg time="2026-05-05T20:05:56.359387" level="INFO">${data_nascimento} = 1986-05-17</msg>
<var>${data_nascimento}</var>
<arg>${data}[1]</arg>
<doc>Returns the given values which can then be assigned to a variables.</doc>
<status status="PASS" start="2026-05-05T20:05:56.357932" elapsed="0.001782"/>
</kw>
<kw name="Set Variable" owner="BuiltIn">
<msg time="2026-05-05T20:05:56.361682" level="INFO">${sexo} = Masculino</msg>
<var>${sexo}</var>
<arg>${data}[2]</arg>
<doc>Returns the given values which can then be assigned to a variables.</doc>
<status status="PASS" start="2026-05-05T20:05:56.360379" elapsed="0.001667"/>
</kw>
<kw name="Set Variable" owner="BuiltIn">
<msg time="2026-05-05T20:05:56.366419" level="INFO">${estado_civil} = Viúvo</msg>
<var>${estado_civil}</var>
<arg>${data}[3]</arg>
<doc>Returns the given values which can then be assigned to a variables.</doc>
<status status="PASS" start="2026-05-05T20:05:56.362654" elapsed="0.004404"/>
</kw>
<kw name="Set Variable" owner="BuiltIn">
<msg time="2026-05-05T20:05:56.369082" level="INFO">${naturalidade} = Recife</msg>
<var>${naturalidade}</var>
<arg>${data}[4]</arg>
<doc>Returns the given values which can then be assigned to a variables.</doc>
<status status="PASS" start="2026-05-05T20:05:56.367975" elapsed="0.002873"/>
</kw>
<kw name="Set Variable" owner="BuiltIn">
<msg time="2026-05-05T20:05:56.372414" level="INFO">${nacionalidade} = Brasileira</msg>
<var>${nacionalidade}</var>
<arg>${data}[5]</arg>
<doc>Returns the given values which can then be assigned to a variables.</doc>
<status status="PASS" start="2026-05-05T20:05:56.371466" elapsed="0.001431"/>
</kw>
<kw name="Set Variable" owner="BuiltIn">
<msg time="2026-05-05T20:05:56.374921" level="INFO">${sql} = INSERT INTO pessoa7(nome, data_nascimento, sexo, estado_civil, naturalidade, nacionalidade) VALUES ('Diego Pereira', '1986-05-17', 'Masculino', 'Viúvo', 'Recife', 'Brasileira')</msg>
<var>${sql}</var>
<arg>INSERT INTO ${TABLE_NAME}(nome, data_nascimento, sexo, estado_civil, naturalidade, nacionalidade) VALUES ('${nome}', '${data_nascimento}', '${sexo}', '${estado_civil}', '${naturalidade}', '${nacionalidade}')</arg>
<doc>Returns the given values which can then be assigned to a variables.</doc>
<status status="PASS" start="2026-05-05T20:05:56.373704" elapsed="0.001725"/>
</kw>
<kw name="Execute Sql String" owner="DatabaseLibrary">
<msg time="2026-05-05T20:05:56.377527" level="INFO" html="true">Executing sql:&lt;br&gt;&lt;code style="font-weight: bold;"&gt;INSERT INTO pessoa7(nome, data_nascimento, sexo, estado_civil, naturalidade, nacionalidade) VALUES ('Diego Pereira', '1986-05-17', 'Masculino', 'Viúvo', 'Recife', 'Brasileira')&lt;/code&gt;</msg>
<msg time="2026-05-05T20:05:56.385491" level="INFO">Commit the transaction</msg>
<arg>${sql}</arg>
<doc>Executes the ``sql_string`` - as a single SQL command (default) or as separate statements.</doc>
<status status="PASS" start="2026-05-05T20:05:56.376372" elapsed="0.015857"/>
</kw>
<var name="${line}">Diego Pereira,1986-05-17,Masculino,Viúvo,Recife,Brasileira</var>
<status status="PASS" start="2026-05-05T20:05:56.345456" elapsed="0.049556"/>
</iter>
<iter>
<kw name="Split String" owner="String">
<msg time="2026-05-05T20:05:56.398992" level="INFO">${data} = ['Amanda Costa', '1987-06-18', 'Feminino', 'Solteiro', 'Porto Alegre', 'Brasileira']</msg>
<var>${data}</var>
<arg>${line}</arg>
<arg>,</arg>
<doc>Splits the ``string`` using ``separator`` as a delimiter string.</doc>
<status status="PASS" start="2026-05-05T20:05:56.397696" elapsed="0.001726"/>
</kw>
<kw name="Set Variable" owner="BuiltIn">
<msg time="2026-05-05T20:05:56.401169" level="INFO">${nome} = Amanda Costa</msg>
<var>${nome}</var>
<arg>${data}[0]</arg>
<doc>Returns the given values which can then be assigned to a variables.</doc>
<status status="PASS" start="2026-05-05T20:05:56.400200" elapsed="0.001237"/>
</kw>
<kw name="Set Variable" owner="BuiltIn">
<msg time="2026-05-05T20:05:56.402879" level="INFO">${data_nascimento} = 1987-06-18</msg>
<var>${data_nascimento}</var>
<arg>${data}[1]</arg>
<doc>Returns the given values which can then be assigned to a variables.</doc>
<status status="PASS" start="2026-05-05T20:05:56.401981" elapsed="0.001734"/>
</kw>
<kw name="Set Variable" owner="BuiltIn">
<msg time="2026-05-05T20:05:56.409084" level="INFO">${sexo} = Feminino</msg>
<var>${sexo}</var>
<arg>${data}[2]</arg>
<doc>Returns the given values which can then be assigned to a variables.</doc>
<status status="PASS" start="2026-05-05T20:05:56.404237" elapsed="0.005940"/>
</kw>
<kw name="Set Variable" owner="BuiltIn">
<msg time="2026-05-05T20:05:56.415851" level="INFO">${estado_civil} = Solteiro</msg>
<var>${estado_civil}</var>
<arg>${data}[3]</arg>
<doc>Returns the given values which can then be assigned to a variables.</doc>
<status status="PASS" start="2026-05-05T20:05:56.412900" elapsed="0.003343"/>
</kw>
<kw name="Set Variable" owner="BuiltIn">
<msg time="2026-05-05T20:05:56.422009" level="INFO">${naturalidade} = Porto Alegre</msg>
<var>${naturalidade}</var>
<arg>${data}[4]</arg>
<doc>Returns the given values which can then be assigned to a variables.</doc>
<status status="PASS" start="2026-05-05T20:05:56.417376" elapsed="0.006570"/>
</kw>
<kw name="Set Variable" owner="BuiltIn">
<msg time="2026-05-05T20:05:56.429250" level="INFO">${nacionalidade} = Brasileira</msg>
<var>${nacionalidade}</var>
<arg>${data}[5]</arg>
<doc>Returns the given values which can then be assigned to a variables.</doc>
<status status="PASS" start="2026-05-05T20:05:56.424974" elapsed="0.004919"/>
</kw>
<kw name="Set Variable" owner="BuiltIn">
<msg time="2026-05-05T20:05:56.431916" level="INFO">${sql} = INSERT INTO pessoa7(nome, data_nascimento, sexo, estado_civil, naturalidade, nacionalidade) VALUES ('Amanda Costa', '1987-06-18', 'Feminino', 'Solteiro', 'Porto Alegre', 'Brasileira')</msg>
<var>${sql}</var>
<arg>INSERT INTO ${TABLE_NAME}(nome, data_nascimento, sexo, estado_civil, naturalidade, nacionalidade) VALUES ('${nome}', '${data_nascimento}', '${sexo}', '${estado_civil}', '${naturalidade}', '${nacionalidade}')</arg>
<doc>Returns the given values which can then be assigned to a variables.</doc>
<status status="PASS" start="2026-05-05T20:05:56.430622" elapsed="0.001675"/>
</kw>
<kw name="Execute Sql String" owner="DatabaseLibrary">
<msg time="2026-05-05T20:05:56.434470" level="INFO" html="true">Executing sql:&lt;br&gt;&lt;code style="font-weight: bold;"&gt;INSERT INTO pessoa7(nome, data_nascimento, sexo, estado_civil, naturalidade, nacionalidade) VALUES ('Amanda Costa', '1987-06-18', 'Feminino', 'Solteiro', 'Porto Alegre', 'Brasileira')&lt;/code&gt;</msg>
<msg time="2026-05-05T20:05:56.448285" level="INFO">Commit the transaction</msg>
<arg>${sql}</arg>
<doc>Executes the ``sql_string`` - as a single SQL command (default) or as separate statements.</doc>
<status status="PASS" start="2026-05-05T20:05:56.432871" elapsed="0.021864"/>
</kw>
<var name="${line}">Amanda Costa,1987-06-18,Feminino,Solteiro,Porto Alegre,Brasileira</var>
<status status="PASS" start="2026-05-05T20:05:56.396887" elapsed="0.058604"/>
</iter>
<iter>
<kw name="Split String" owner="String">
<msg time="2026-05-05T20:05:56.458929" level="INFO">${data} = ['Thiago Rodrigues', '1988-07-19', 'Masculino', 'Casado', 'Brasília', 'Brasileira']</msg>
<var>${data}</var>
<arg>${line}</arg>
<arg>,</arg>
<doc>Splits the ``string`` using ``separator`` as a delimiter string.</doc>
<status status="PASS" start="2026-05-05T20:05:56.457778" elapsed="0.001559"/>
</kw>
<kw name="Set Variable" owner="BuiltIn">
<msg time="2026-05-05T20:05:56.462794" level="INFO">${nome} = Thiago Rodrigues</msg>
<var>${nome}</var>
<arg>${data}[0]</arg>
<doc>Returns the given values which can then be assigned to a variables.</doc>
<status status="PASS" start="2026-05-05T20:05:56.460037" elapsed="0.004322"/>
</kw>
<kw name="Set Variable" owner="BuiltIn">
<msg time="2026-05-05T20:05:56.466267" level="INFO">${data_nascimento} = 1988-07-19</msg>
<var>${data_nascimento}</var>
<arg>${data}[1]</arg>
<doc>Returns the given values which can then be assigned to a variables.</doc>
<status status="PASS" start="2026-05-05T20:05:56.465029" elapsed="0.002355"/>
</kw>
<kw name="Set Variable" owner="BuiltIn">
<msg time="2026-05-05T20:05:56.469851" level="INFO">${sexo} = Masculino</msg>
<var>${sexo}</var>
<arg>${data}[2]</arg>
<doc>Returns the given values which can then be assigned to a variables.</doc>
<status status="PASS" start="2026-05-05T20:05:56.468026" elapsed="0.003617"/>
</kw>
<kw name="Set Variable" owner="BuiltIn">
<msg time="2026-05-05T20:05:56.475017" level="INFO">${estado_civil} = Casado</msg>
<var>${estado_civil}</var>
<arg>${data}[3]</arg>
<doc>Returns the given values which can then be assigned to a variables.</doc>
<status status="PASS" start="2026-05-05T20:05:56.472579" elapsed="0.003763"/>
</kw>
<kw name="Set Variable" owner="BuiltIn">
<msg time="2026-05-05T20:05:56.478904" level="INFO">${naturalidade} = Brasília</msg>
<var>${naturalidade}</var>
<arg>${data}[4]</arg>
<doc>Returns the given values which can then be assigned to a variables.</doc>
<status status="PASS" start="2026-05-05T20:05:56.477141" elapsed="0.003219"/>
</kw>
<kw name="Set Variable" owner="BuiltIn">
<msg time="2026-05-05T20:05:56.482280" level="INFO">${nacionalidade} = Brasileira</msg>
<var>${nacionalidade}</var>
<arg>${data}[5]</arg>
<doc>Returns the given values which can then be assigned to a variables.</doc>
<status status="PASS" start="2026-05-05T20:05:56.481162" elapsed="0.002495"/>
</kw>
<kw name="Set Variable" owner="BuiltIn">
<msg time="2026-05-05T20:05:56.485705" level="INFO">${sql} = INSERT INTO pessoa7(nome, data_nascimento, sexo, estado_civil, naturalidade, nacionalidade) VALUES ('Thiago Rodrigues', '1988-07-19', 'Masculino', 'Casado', 'Brasília', 'Brasileira')</msg>
<var>${sql}</var>
<arg>INSERT INTO ${TABLE_NAME}(nome, data_nascimento, sexo, estado_civil, naturalidade, nacionalidade) VALUES ('${nome}', '${data_nascimento}', '${sexo}', '${estado_civil}', '${naturalidade}', '${nacionalidade}')</arg>
<doc>Returns the given values which can then be assigned to a variables.</doc>
<status status="PASS" start="2026-05-05T20:05:56.484333" elapsed="0.002573"/>
</kw>
<kw name="Execute Sql String" owner="DatabaseLibrary">
<msg time="2026-05-05T20:05:56.490903" level="INFO" html="true">Executing sql:&lt;br&gt;&lt;code style="font-weight: bold;"&gt;INSERT INTO pessoa7(nome, data_nascimento, sexo, estado_civil, naturalidade, nacionalidade) VALUES ('Thiago Rodrigues', '1988-07-19', 'Masculino', 'Casado', 'Brasília', 'Brasileira')&lt;/code&gt;</msg>
<msg time="2026-05-05T20:05:56.500964" level="INFO">Commit the transaction</msg>
<arg>${sql}</arg>
<doc>Executes the ``sql_string`` - as a single SQL command (default) or as separate statements.</doc>
<status status="PASS" start="2026-05-05T20:05:56.489007" elapsed="0.018689"/>
</kw>
<var name="${line}">Thiago Rodrigues,1988-07-19,Masculino,Casado,Brasília,Brasileira</var>
<status status="PASS" start="2026-05-05T20:05:56.456320" elapsed="0.051810"/>
</iter>
<iter>
<kw name="Split String" owner="String">
<msg time="2026-05-05T20:05:56.510174" level="INFO">${data} = ['Camila Alves', '1989-08-20', 'Feminino', 'Divorciado', 'Manaus', 'Brasileira']</msg>
<var>${data}</var>
<arg>${line}</arg>
<arg>,</arg>
<doc>Splits the ``string`` using ``separator`` as a delimiter string.</doc>
<status status="PASS" start="2026-05-05T20:05:56.509158" elapsed="0.002989"/>
</kw>
<kw name="Set Variable" owner="BuiltIn">
<msg time="2026-05-05T20:05:56.513836" level="INFO">${nome} = Camila Alves</msg>
<var>${nome}</var>
<arg>${data}[0]</arg>
<doc>Returns the given values which can then be assigned to a variables.</doc>
<status status="PASS" start="2026-05-05T20:05:56.512851" elapsed="0.002126"/>
</kw>
<kw name="Set Variable" owner="BuiltIn">
<msg time="2026-05-05T20:05:56.520533" level="INFO">${data_nascimento} = 1989-08-20</msg>
<var>${data_nascimento}</var>
<arg>${data}[1]</arg>
<doc>Returns the given values which can then be assigned to a variables.</doc>
<status status="PASS" start="2026-05-05T20:05:56.515634" elapsed="0.008607"/>
</kw>
<kw name="Set Variable" owner="BuiltIn">
<msg time="2026-05-05T20:05:56.526746" level="INFO">${sexo} = Feminino</msg>
<var>${sexo}</var>
<arg>${data}[2]</arg>
<doc>Returns the given values which can then be assigned to a variables.</doc>
<status status="PASS" start="2026-05-05T20:05:56.524982" elapsed="0.003100"/>
</kw>
<kw name="Set Variable" owner="BuiltIn">
<msg time="2026-05-05T20:05:56.530690" level="INFO">${estado_civil} = Divorciado</msg>
<var>${estado_civil}</var>
<arg>${data}[3]</arg>
<doc>Returns the given values which can then be assigned to a variables.</doc>
<status status="PASS" start="2026-05-05T20:05:56.528920" elapsed="0.006457"/>
</kw>
<kw name="Set Variable" owner="BuiltIn">
<msg time="2026-05-05T20:05:56.544057" level="INFO">${naturalidade} = Manaus</msg>
<var>${naturalidade}</var>
<arg>${data}[4]</arg>
<doc>Returns the given values which can then be assigned to a variables.</doc>
<status status="PASS" start="2026-05-05T20:05:56.540216" elapsed="0.005589"/>
</kw>
<kw name="Set Variable" owner="BuiltIn">
<msg time="2026-05-05T20:05:56.548180" level="INFO">${nacionalidade} = Brasileira</msg>
[...]
<var>${naturalidade}</var>
<arg>${data}[4]</arg>
<doc>Returns the given values which can then be assigned to a variables.</doc>
<status status="PASS" start="2026-05-05T20:05:58.716263" elapsed="0.001667"/>
</kw>
<kw name="Set Variable" owner="BuiltIn">
<msg time="2026-05-05T20:05:58.719676" level="INFO">${nacionalidade} = Brasileira</msg>
<var>${nacionalidade}</var>
<arg>${data}[5]</arg>
<doc>Returns the given values which can then be assigned to a variables.</doc>
<status status="PASS" start="2026-05-05T20:05:58.718627" elapsed="0.002448"/>
</kw>
<kw name="Set Variable" owner="BuiltIn">
<msg time="2026-05-05T20:05:58.723683" level="INFO">${sql} = INSERT INTO pessoa7(nome, data_nascimento, sexo, estado_civil, naturalidade, nacionalidade) VALUES ('Diego Pereira', '1986-05-21', 'Masculino', 'Viúvo', 'Recife', 'Brasileira')</msg>
<var>${sql}</var>
<arg>INSERT INTO ${TABLE_NAME}(nome, data_nascimento, sexo, estado_civil, naturalidade, nacionalidade) VALUES ('${nome}', '${data_nascimento}', '${sexo}', '${estado_civil}', '${naturalidade}', '${nacionalidade}')</arg>
<doc>Returns the given values which can then be assigned to a variables.</doc>
<status status="PASS" start="2026-05-05T20:05:58.721934" elapsed="0.002537"/>
</kw>
<kw name="Execute Sql String" owner="DatabaseLibrary">
<msg time="2026-05-05T20:05:58.726463" level="INFO" html="true">Executing sql:&lt;br&gt;&lt;code style="font-weight: bold;"&gt;INSERT INTO pessoa7(nome, data_nascimento, sexo, estado_civil, naturalidade, nacionalidade) VALUES ('Diego Pereira', '1986-05-21', 'Masculino', 'Viúvo', 'Recife', 'Brasileira')&lt;/code&gt;</msg>
<msg time="2026-05-05T20:05:58.730855" level="INFO">Commit the transaction</msg>
<arg>${sql}</arg>
<doc>Executes the ``sql_string`` - as a single SQL command (default) or as separate statements.</doc>
<status status="PASS" start="2026-05-05T20:05:58.725126" elapsed="0.011631"/>
</kw>
<var name="${line}">Diego Pereira,1986-05-21,Masculino,Viúvo,Recife,Brasileira</var>
<status status="PASS" start="2026-05-05T20:05:58.704273" elapsed="0.033270"/>
</iter>
<iter>
<kw name="Split String" owner="String">
<msg time="2026-05-05T20:05:58.739415" level="INFO">${data} = ['Amanda Costa', '1987-06-22', 'Feminino', 'Solteiro', 'Porto Alegre', 'Brasileira']</msg>
<var>${data}</var>
<arg>${line}</arg>
<arg>,</arg>
<doc>Splits the ``string`` using ``separator`` as a delimiter string.</doc>
<status status="PASS" start="2026-05-05T20:05:58.738606" elapsed="0.001090"/>
</kw>
<kw name="Set Variable" owner="BuiltIn">
<msg time="2026-05-05T20:05:58.740813" level="INFO">${nome} = Amanda Costa</msg>
<var>${nome}</var>
<arg>${data}[0]</arg>
<doc>Returns the given values which can then be assigned to a variables.</doc>
<status status="PASS" start="2026-05-05T20:05:58.740205" elapsed="0.000836"/>
</kw>
<kw name="Set Variable" owner="BuiltIn">
<msg time="2026-05-05T20:05:58.742226" level="INFO">${data_nascimento} = 1987-06-22</msg>
<var>${data_nascimento}</var>
<arg>${data}[1]</arg>
<doc>Returns the given values which can then be assigned to a variables.</doc>
<status status="PASS" start="2026-05-05T20:05:58.741379" elapsed="0.001124"/>
</kw>
<kw name="Set Variable" owner="BuiltIn">
<msg time="2026-05-05T20:05:58.743780" level="INFO">${sexo} = Feminino</msg>
<var>${sexo}</var>
<arg>${data}[2]</arg>
<doc>Returns the given values which can then be assigned to a variables.</doc>
<status status="PASS" start="2026-05-05T20:05:58.743014" elapsed="0.001024"/>
</kw>
<kw name="Set Variable" owner="BuiltIn">
<msg time="2026-05-05T20:05:58.745600" level="INFO">${estado_civil} = Solteiro</msg>
<var>${estado_civil}</var>
<arg>${data}[3]</arg>
<doc>Returns the given values which can then be assigned to a variables.</doc>
<status status="PASS" start="2026-05-05T20:05:58.744738" elapsed="0.001148"/>
</kw>
<kw name="Set Variable" owner="BuiltIn">
<msg time="2026-05-05T20:05:58.747681" level="INFO">${naturalidade} = Porto Alegre</msg>
<var>${naturalidade}</var>
<arg>${data}[4]</arg>
<doc>Returns the given values which can then be assigned to a variables.</doc>
<status status="PASS" start="2026-05-05T20:05:58.746373" elapsed="0.001733"/>
</kw>
<kw name="Set Variable" owner="BuiltIn">
<msg time="2026-05-05T20:05:58.750234" level="INFO">${nacionalidade} = Brasileira</msg>
<var>${nacionalidade}</var>
<arg>${data}[5]</arg>
<doc>Returns the given values which can then be assigned to a variables.</doc>
<status status="PASS" start="2026-05-05T20:05:58.748747" elapsed="0.001756"/>
</kw>
<kw name="Set Variable" owner="BuiltIn">
<msg time="2026-05-05T20:05:58.755112" level="INFO">${sql} = INSERT INTO pessoa7(nome, data_nascimento, sexo, estado_civil, naturalidade, nacionalidade) VALUES ('Amanda Costa', '1987-06-22', 'Feminino', 'Solteiro', 'Porto Alegre', 'Brasileira')</msg>
<var>${sql}</var>
<arg>INSERT INTO ${TABLE_NAME}(nome, data_nascimento, sexo, estado_civil, naturalidade, nacionalidade) VALUES ('${nome}', '${data_nascimento}', '${sexo}', '${estado_civil}', '${naturalidade}', '${nacionalidade}')</arg>
<doc>Returns the given values which can then be assigned to a variables.</doc>
<status status="PASS" start="2026-05-05T20:05:58.752549" elapsed="0.002977"/>
</kw>
<kw name="Execute Sql String" owner="DatabaseLibrary">
<msg time="2026-05-05T20:05:58.757765" level="INFO" html="true">Executing sql:&lt;br&gt;&lt;code style="font-weight: bold;"&gt;INSERT INTO pessoa7(nome, data_nascimento, sexo, estado_civil, naturalidade, nacionalidade) VALUES ('Amanda Costa', '1987-06-22', 'Feminino', 'Solteiro', 'Porto Alegre', 'Brasileira')&lt;/code&gt;</msg>
<msg time="2026-05-05T20:05:58.763205" level="INFO">Commit the transaction</msg>
<arg>${sql}</arg>
<doc>Executes the ``sql_string`` - as a single SQL command (default) or as separate statements.</doc>
<status status="PASS" start="2026-05-05T20:05:58.756078" elapsed="0.011238"/>
</kw>
<var name="${line}">Amanda Costa,1987-06-22,Feminino,Solteiro,Porto Alegre,Brasileira</var>
<status status="PASS" start="2026-05-05T20:05:58.738140" elapsed="0.029619"/>
</iter>
<iter>
<kw name="Split String" owner="String">
<msg time="2026-05-05T20:05:58.769646" level="INFO">${data} = ['Thiago Rodrigues', '1988-07-23', 'Masculino', 'Casado', 'Brasília', 'Brasileira']</msg>
<var>${data}</var>
<arg>${line}</arg>
<arg>,</arg>
<doc>Splits the ``string`` using ``separator`` as a delimiter string.</doc>
<status status="PASS" start="2026-05-05T20:05:58.768790" elapsed="0.001244"/>
</kw>
<kw name="Set Variable" owner="BuiltIn">
<msg time="2026-05-05T20:05:58.771121" level="INFO">${nome} = Thiago Rodrigues</msg>
<var>${nome}</var>
<arg>${data}[0]</arg>
<doc>Returns the given values which can then be assigned to a variables.</doc>
<status status="PASS" start="2026-05-05T20:05:58.770515" elapsed="0.000818"/>
</kw>
<kw name="Set Variable" owner="BuiltIn">
<msg time="2026-05-05T20:05:58.772216" level="INFO">${data_nascimento} = 1988-07-23</msg>
<var>${data_nascimento}</var>
<arg>${data}[1]</arg>
<doc>Returns the given values which can then be assigned to a variables.</doc>
<status status="PASS" start="2026-05-05T20:05:58.771659" elapsed="0.000756"/>
</kw>
<kw name="Set Variable" owner="BuiltIn">
<msg time="2026-05-05T20:05:58.773218" level="INFO">${sexo} = Masculino</msg>
<var>${sexo}</var>
<arg>${data}[2]</arg>
<doc>Returns the given values which can then be assigned to a variables.</doc>
<status status="PASS" start="2026-05-05T20:05:58.772724" elapsed="0.000682"/>
</kw>
<kw name="Set Variable" owner="BuiltIn">
<msg time="2026-05-05T20:05:58.774222" level="INFO">${estado_civil} = Casado</msg>
<var>${estado_civil}</var>
<arg>${data}[3]</arg>
<doc>Returns the given values which can then be assigned to a variables.</doc>
<status status="PASS" start="2026-05-05T20:05:58.773707" elapsed="0.000727"/>
</kw>
<kw name="Set Variable" owner="BuiltIn">
<msg time="2026-05-05T20:05:58.775423" level="INFO">${naturalidade} = Brasília</msg>
<var>${naturalidade}</var>
<arg>${data}[4]</arg>
<doc>Returns the given values which can then be assigned to a variables.</doc>
<status status="PASS" start="2026-05-05T20:05:58.774788" elapsed="0.000854"/>
</kw>
<kw name="Set Variable" owner="BuiltIn">
<msg time="2026-05-05T20:05:58.776557" level="INFO">${nacionalidade} = Brasileira</msg>
<var>${nacionalidade}</var>
<arg>${data}[5]</arg>
<doc>Returns the given values which can then be assigned to a variables.</doc>
<status status="PASS" start="2026-05-05T20:05:58.775993" elapsed="0.000759"/>
</kw>
<kw name="Set Variable" owner="BuiltIn">
<msg time="2026-05-05T20:05:58.777992" level="INFO">${sql} = INSERT INTO pessoa7(nome, data_nascimento, sexo, estado_civil, naturalidade, nacionalidade) VALUES ('Thiago Rodrigues', '1988-07-23', 'Masculino', 'Casado', 'Brasília', 'Brasileira')</msg>
<var>${sql}</var>
<arg>INSERT INTO ${TABLE_NAME}(nome, data_nascimento, sexo, estado_civil, naturalidade, nacionalidade) VALUES ('${nome}', '${data_nascimento}', '${sexo}', '${estado_civil}', '${naturalidade}', '${nacionalidade}')</arg>
<doc>Returns the given values which can then be assigned to a variables.</doc>
<status status="PASS" start="2026-05-05T20:05:58.777046" elapsed="0.001253"/>
</kw>
<kw name="Execute Sql String" owner="DatabaseLibrary">
<msg time="2026-05-05T20:05:58.779214" level="INFO" html="true">Executing sql:&lt;br&gt;&lt;code style="font-weight: bold;"&gt;INSERT INTO pessoa7(nome, data_nascimento, sexo, estado_civil, naturalidade, nacionalidade) VALUES ('Thiago Rodrigues', '1988-07-23', 'Masculino', 'Casado', 'Brasília', 'Brasileira')&lt;/code&gt;</msg>
<msg time="2026-05-05T20:05:58.783587" level="INFO">Commit the transaction</msg>
<arg>${sql}</arg>
<doc>Executes the ``sql_string`` - as a single SQL command (default) or as separate statements.</doc>
<status status="PASS" start="2026-05-05T20:05:58.778674" elapsed="0.009002"/>
</kw>
<var name="${line}">Thiago Rodrigues,1988-07-23,Masculino,Casado,Brasília,Brasileira</var>
<status status="PASS" start="2026-05-05T20:05:58.768210" elapsed="0.020222"/>
</iter>
<iter>
<kw name="Split String" owner="String">
<msg time="2026-05-05T20:05:58.790853" level="INFO">${data} = ['Camila Alves', '1989-08-24', 'Feminino', 'Divorciado', 'Manaus', 'Brasileira']</msg>
<var>${data}</var>
<arg>${line}</arg>
<arg>,</arg>
<doc>Splits the ``string`` using ``separator`` as a delimiter string.</doc>
<status status="PASS" start="2026-05-05T20:05:58.789921" elapsed="0.001287"/>
</kw>
<kw name="Set Variable" owner="BuiltIn">
<msg time="2026-05-05T20:05:58.792872" level="INFO">${nome} = Camila Alves</msg>
<var>${nome}</var>
<arg>${data}[0]</arg>
<doc>Returns the given values which can then be assigned to a variables.</doc>
<status status="PASS" start="2026-05-05T20:05:58.791832" elapsed="0.001990"/>
</kw>
<kw name="Set Variable" owner="BuiltIn">
<msg time="2026-05-05T20:05:58.795694" level="INFO">${data_nascimento} = 1989-08-24</msg>
<var>${data_nascimento}</var>
<arg>${data}[1]</arg>
<doc>Returns the given values which can then be assigned to a variables.</doc>
<status status="PASS" start="2026-05-05T20:05:58.794404" elapsed="0.001530"/>
</kw>
<kw name="Set Variable" owner="BuiltIn">
<msg time="2026-05-05T20:05:58.798370" level="INFO">${sexo} = Feminino</msg>
<var>${sexo}</var>
<arg>${data}[2]</arg>
<doc>Returns the given values which can then be assigned to a variables.</doc>
<status status="PASS" start="2026-05-05T20:05:58.796645" elapsed="0.002140"/>
</kw>
<kw name="Set Variable" owner="BuiltIn">
<msg time="2026-05-05T20:05:58.801006" level="INFO">${estado_civil} = Divorciado</msg>
<var>${estado_civil}</var>
<arg>${data}[3]</arg>
<doc>Returns the given values which can then be assigned to a variables.</doc>
<status status="PASS" start="2026-05-05T20:05:58.799594" elapsed="0.002066"/>
</kw>
<kw name="Set Variable" owner="BuiltIn">
<msg time="2026-05-05T20:05:58.803517" level="INFO">${naturalidade} = Manaus</msg>
<var>${naturalidade}</var>
<arg>${data}[4]</arg>
<doc>Returns the given values which can then be assigned to a variables.</doc>
<status status="PASS" start="2026-05-05T20:05:58.802124" elapsed="0.001777"/>
</kw>
<kw name="Set Variable" owner="BuiltIn">
<msg time="2026-05-05T20:05:58.805774" level="INFO">${nacionalidade} = Brasileira</msg>
<var>${nacionalidade}</var>
<arg>${data}[5]</arg>
<doc>Returns the given values which can then be assigned to a variables.</doc>
<status status="PASS" start="2026-05-05T20:05:58.804755" elapsed="0.001254"/>
</kw>
<kw name="Set Variable" owner="BuiltIn">
<msg time="2026-05-05T20:05:58.807437" level="INFO">${sql} = INSERT INTO pessoa7(nome, data_nascimento, sexo, estado_civil, naturalidade, nacionalidade) VALUES ('Camila Alves', '1989-08-24', 'Feminino', 'Divorciado', 'Manaus', 'Brasileira')</msg>
<var>${sql}</var>
<arg>INSERT INTO ${TABLE_NAME}(nome, data_nascimento, sexo, estado_civil, naturalidade, nacionalidade) VALUES ('${nome}', '${data_nascimento}', '${sexo}', '${estado_civil}', '${naturalidade}', '${nacionalidade}')</arg>
<doc>Returns the given values which can then be assigned to a variables.</doc>
<status status="PASS" start="2026-05-05T20:05:58.806460" elapsed="0.001736"/>
</kw>
<kw name="Execute Sql String" owner="DatabaseLibrary">
<msg time="2026-05-05T20:05:58.810338" level="INFO" html="true">Executing sql:&lt;br&gt;&lt;code style="font-weight: bold;"&gt;INSERT INTO pessoa7(nome, data_nascimento, sexo, estado_civil, naturalidade, nacionalidade) VALUES ('Camila Alves', '1989-08-24', 'Feminino', 'Divorciado', 'Manaus', 'Brasileira')&lt;/code&gt;</msg>
<msg time="2026-05-05T20:05:58.816113" level="INFO">Commit the transaction</msg>
<arg>${sql}</arg>
<doc>Executes the ``sql_string`` - as a single SQL command (default) or as separate statements.</doc>
<status status="PASS" start="2026-05-05T20:05:58.808895" elapsed="0.011260"/>
</kw>
<var name="${line}">Camila Alves,1989-08-24,Feminino,Divorciado,Manaus,Brasileira</var>
<status status="PASS" start="2026-05-05T20:05:58.789237" elapsed="0.031343"/>
</iter>
<iter>
<kw name="Split String" owner="String">
<msg time="2026-05-05T20:05:58.822791" level="INFO">${data} = ['Ricardo Martins', '1990-09-25', 'Masculino', 'Viúvo', 'Fortaleza', 'Brasileira']</msg>
<var>${data}</var>
<arg>${line}</arg>
<arg>,</arg>
<doc>Splits the ``string`` using ``separator`` as a delimiter string.</doc>
<status status="PASS" start="2026-05-05T20:05:58.821665" elapsed="0.001519"/>
</kw>
<kw name="Set Variable" owner="BuiltIn">
<msg time="2026-05-05T20:05:58.825261" level="INFO">${nome} = Ricardo Martins</msg>
<var>${nome}</var>
<arg>${data}[0]</arg>
<doc>Returns the given values which can then be assigned to a variables.</doc>
<status status="PASS" start="2026-05-05T20:05:58.823844" elapsed="0.001812"/>
</kw>
<kw name="Set Variable" owner="BuiltIn">
<msg time="2026-05-05T20:05:58.829490" level="INFO">${data_nascimento} = 1990-09-25</msg>
<var>${data_nascimento}</var>
<arg>${data}[1]</arg>
<doc>Returns the given values which can then be assigned to a variables.</doc>
<status status="PASS" start="2026-05-05T20:05:58.826101" elapsed="0.004356"/>
</kw>
<kw name="Set Variable" owner="BuiltIn">
<msg time="2026-05-05T20:05:58.832595" level="INFO">${sexo} = Masculino</msg>
<var>${sexo}</var>
<arg>${data}[2]</arg>
<doc>Returns the given values which can then be assigned to a variables.</doc>
<status status="PASS" start="2026-05-05T20:05:58.831248" elapsed="0.001708"/>
</kw>
<kw name="Set Variable" owner="BuiltIn">
<msg time="2026-05-05T20:05:58.834921" level="INFO">${estado_civil} = Viúvo</msg>
<var>${estado_civil}</var>
<arg>${data}[3]</arg>
<doc>Returns the given values which can then be assigned to a variables.</doc>
<status status="PASS" start="2026-05-05T20:05:58.833489" elapsed="0.001675"/>
</kw>
<kw name="Set Variable" owner="BuiltIn">
<msg time="2026-05-05T20:05:58.836085" level="INFO">${naturalidade} = Fortaleza</msg>
<var>${naturalidade}</var>
<arg>${data}[4]</arg>
<doc>Returns the given values which can then be assigned to a variables.</doc>
<status status="PASS" start="2026-05-05T20:05:58.835547" elapsed="0.000760"/>
</kw>
<kw name="Set Variable" owner="BuiltIn">
<msg time="2026-05-05T20:05:58.837998" level="INFO">${nacionalidade} = Brasileira</msg>
<var>${nacionalidade}</var>
<arg>${data}[5]</arg>
<doc>Returns the given values which can then be assigned to a variables.</doc>
<status status="PASS" start="2026-05-05T20:05:58.836820" elapsed="0.001698"/>
</kw>
<kw name="Set Variable" owner="BuiltIn">
<msg time="2026-05-05T20:05:58.841169" level="INFO">${sql} = INSERT INTO pessoa7(nome, data_nascimento, sexo, estado_civil, naturalidade, nacionalidade) VALUES ('Ricardo Martins', '1990-09-25', 'Masculino', 'Viúvo', 'Fortaleza', 'Brasileira')</msg>
<var>${sql}</var>
<arg>INSERT INTO ${TABLE_NAME}(nome, data_nascimento, sexo, estado_civil, naturalidade, nacionalidade) VALUES ('${nome}', '${data_nascimento}', '${sexo}', '${estado_civil}', '${naturalidade}', '${nacionalidade}')</arg>
<doc>Returns the given values which can then be assigned to a variables.</doc>
<status status="PASS" start="2026-05-05T20:05:58.839180" elapsed="0.002589"/>
</kw>
<kw name="Execute Sql String" owner="DatabaseLibrary">
<msg time="2026-05-05T20:05:58.844097" level="INFO" html="true">Executing sql:&lt;br&gt;&lt;code style="font-weight: bold;"&gt;INSERT INTO pessoa7(nome, data_nascimento, sexo, estado_civil, naturalidade, nacionalidade) VALUES ('Ricardo Martins', '1990-09-25', 'Masculino', 'Viúvo', 'Fortaleza', 'Brasileira')&lt;/code&gt;</msg>
<msg time="2026-05-05T20:05:58.848264" level="INFO">Commit the transaction</msg>
<arg>${sql}</arg>
<doc>Executes the ``sql_string`` - as a single SQL command (default) or as separate statements.</doc>
<status status="PASS" start="2026-05-05T20:05:58.842993" elapsed="0.010342"/>
</kw>
<var name="${line}">Ricardo Martins,1990-09-25,Masculino,Viúvo,Fortaleza,Brasileira</var>
<status status="PASS" start="2026-05-05T20:05:58.821097" elapsed="0.033090"/>
</iter>
<var>${line}</var>
<value>@{data_lines}</value>
<status status="PASS" start="2026-05-05T20:05:55.808581" elapsed="3.046132"/>
</for>
<kw name="Disconnect From Database" owner="DatabaseLibrary">
<doc>Disconnects from the database.</doc>
<status status="PASS" start="2026-05-05T20:05:58.855388" elapsed="0.001014"/>
</kw>
<status status="PASS" start="2026-05-05T20:05:55.743817" elapsed="3.113083"/>
</kw>
<status status="PASS" start="2026-05-05T20:05:55.553967" elapsed="3.303549"/>
</test>
<status status="PASS" start="2026-05-05T20:05:55.402486" elapsed="3.518268"/>
</suite>
<status status="PASS" start="2026-05-05T20:05:55.377616" elapsed="3.576996"/>
</suite>
<status status="PASS" start="2026-05-05T20:05:55.356815" elapsed="3.619753"/>
</suite>
<status status="PASS" start="2026-05-05T20:05:55.289807" elapsed="3.706547"/>
</suite>
<status status="PASS" start="2026-05-05T20:05:55.257656" elapsed="3.800836"/>
</suite>
<status status="PASS" start="2026-05-05T20:05:55.185660" elapsed="3.941502"/>
</suite>
<status status="PASS" start="2026-05-05T20:05:53.998313" elapsed="5.199915"/>
</suite>
<statistics>
<total>
<stat pass="1" fail="0" skip="0">All Tests</stat>
</total>
<tag>
</tag>
<suite>
<stat pass="1" fail="0" skip="0" id="s1" name="Qualidade-Software">Qualidade-Software</stat>
<stat pass="1" fail="0" skip="0" id="s1-s1" name="Docs">Qualidade-Software.Docs</stat>
<stat pass="1" fail="0" skip="0" id="s1-s1-s1" name="Banco">Qualidade-Software.Docs.Banco</stat>
<stat pass="1" fail="0" skip="0" id="s1-s1-s1-s1" name="Pratica">Qualidade-Software.Docs.Banco.Pratica</stat>
<stat pass="1" fail="0" skip="0" id="s1-s1-s1-s1-s1" name="Sql">Qualidade-Software.Docs.Banco.Pratica.Sql</stat>
<stat pass="1" fail="0" skip="0" id="s1-s1-s1-s1-s1-s1" name="Robot">Qualidade-Software.Docs.Banco.Pratica.Sql.Robot</stat>
<stat pass="1" fail="0" skip="0" id="s1-s1-s1-s1-s1-s1-s1" name="Insert Pessoa">Qualidade-Software.Docs.Banco.Pratica.Sql.Robot.Insert Pessoa</stat>
</suite>
</statistics>
<errors>
</errors>
</robot>
